<!DOCTYPE html>
<html>
<head>
  
<meta http-equiv="Content-Type" content="text/html; charset=UTF-8" />

<script type="text/javascript" src="js/jquery.min.js"></script>
<script type="text/javascript" src="js/jquery.tablesorter.min.js"></script>
<script type="text/javascript" src="js/Chart.min.js"></script>
<script type="text/javascript" src="js/moment.min.js"></script>
<script type="text/javascript" src="js/bootstrap.min.js"></script>

<link rel="stylesheet" href="css/bootstrap.min.css" type="text/css"/>
<link rel="stylesheet" href="css/cucumber.css" type="text/css"/>
<link rel="stylesheet" href="css/font-awesome.min.css"/>
<link rel="shortcut icon" href="images/favicon.png"/>

<script type="text/javascript">
$(document).ready(function() {
    // this will tell tablesorter to try looking for the data-value attribute
    // if present, it'll sort by that instead
    // otherwise, it'll sort by the text content of the table cell
    $("#tablesorter").tablesorter({
        textAttribute: 'data-value',
        // ignores the first row of the header, the 'scenario', 'steps', since
        // sorting those doesn't make sense
        selectorHeaders: '> thead tr:not(.dont-sort) th',
        // use a stable sort
        sortStable: true
    });
});
</script>











  
<title>Cucumber Reports (no 1) - Failures Overview</title>

</head>

<body>

<nav class="navbar navbar-default navbar-fixed-top" id="navigation">
  <div class="container-fluid">
    <div class="collapse navbar-collapse">
      <p class="navbar-text navbar-left">Cucumber Report</p>
      <ul class="nav navbar-nav navbar-right">
                <li role="presentation" ><a href="overview-features.html">Features</a></li>
        <li role="presentation" ><a href="overview-tags.html">Tags</a></li>
        <li role="presentation" ><a href="overview-steps.html">Steps</a></li>
                <li role="presentation"  class="active" ><a href="overview-failures.html">Failures</a></li>
      </ul>
    </div>
  </div>
</nav>


<div class="container-fluid">
  <div class="col-md-5 col-md-offset-1">
    
<table class="table table-bordered" id="build-info">
  <thead>
    <tr>
      <th>Project</th>
              <th>Number</th>
            <th>Date</th>
    </tr>
  </thead>
  <tbody>
    <tr class="info">
      <td>serviceNow.Automation</td>
              <td>1</td>
            <td>25 Apr 2019, 12:20</td>
    </tr>
  </tbody>
</table>

  </div>
  <div class="col-md-3 col-md-offset-2">
      </div>
</div>


<div id="report-lead" class="container-fluid">
  <div class="col-md-10 col-md-offset-1">
    <h2>Failures Overview</h2>
          <p>The following summary displays scenarios that failed.</p>
      </div>
</div>


<div class="container-fluid">
  <div class="row">
    <div class="col-md-10 col-md-offset-10">
      <i class="fa fa-chevron-circle-down fa-2x collapsable-control"
        onClick="javascript:$('#report .collapsable-details').collapse('show')"></i>
      <i class="fa fa-chevron-circle-up fa-2x collapsable-control"
        onClick="javascript:$('#report .collapsable-details').collapse('hide')"></i>
    </div>
  </div>
</div>


<div class="container-fluid" id="report">
  <div class="row">
    <div class="col-md-10 col-md-offset-1">

              <div class="elements">
                      
<div class="element">
      <div class="indention">
      <b>Feature:</b>
      <a href="report-feature_ChangeManagement-feature.html">Change Management</a>
    </div>
  
  
<div class="tags indention">
      <b>Tags:</b>
           <a href="report-tag_tag.html">@tag</a>
           <a href="report-tag_tag3.html">@tag3</a>
      </div>

  
  <span class="lead-duration duration">59.611</span>


    <span data-toggle="collapse" class=" collapsable-control" data-target="#element-1">
    
<div class="brief failed">
  <span class="keyword indention">Scenario Outline</span>
  <span class="name">Testing Successful Standard Change process</span>
  

       <i class="chevron fa fa-fw"></i>
  </div>

  </span>
  <div class="description indention"></div>

  <div id="element-1" class="collapse collapsable-details  in ">
    
  <div class="inner-level hooks-element-before">
        <div data-toggle="collapse" class=" collapsed  collapsable-control" data-target="#before-2">
      
<div class="brief passed">
  <span class="keyword indention">Hooks</span>
  <span class="name"></span>
  

       <i class="chevron fa fa-fw"></i>
  </div>

    </div>

    <div id="before-2" class="inner-level collapse collapsable-details ">
              <div class="hook">
          <div class="brief passed">
            <span class="keyword indention">Before</span>
                          <span class="location name">StepMethod.hookScenario(Scenario)</span>
                        
  <span class="lead-duration duration">0.054</span>

          </div>

                      

          
                    

          
  
        </div>
          </div>
  </div>


    
<div class="steps inner-level">
    <div data-toggle="collapse" class=" collapsable-control" data-target="#steps-3">
    
<div class="brief failed">
  <span class="keyword indention">Steps</span>
  <span class="name"></span>
  

       <i class="chevron fa fa-fw"></i>
  </div>

  </div>

  <div id="steps-3" class="inner-level collapse collapsable-details  in ">
          <div class="step">
        
<div class="brief passed">
  <span class="keyword indention">Given</span>
  <span class="name">Open &quot;<span class="argument">chrome</span>&quot; and launch URL</span>
  
  <span class="lead-duration duration">7.436</span>

</div>

        

        


        
        

        
  <div class="outputs inner-level">
          <div class="output indention">
        <div data-toggle="collapse" class=" collapsed  collapsable-control" data-target="#output-4">
          Output 1
          <i class="chevron fa fa-fw"></i>
        </div>
        <div id="output-4" class="collapse collapsable-details " >
          
          <pre><p>Pass: 'chrome' browser launched successfull</p></pre>
        </div>
      </div>
      </div>

        
  
        

      </div>
          <div class="step">
        
<div class="brief passed">
  <span class="keyword indention">And</span>
  <span class="name">Authenticate the user</span>
  
  <span class="lead-duration duration">6.911</span>

</div>

        

        


        
        

        
  <div class="outputs inner-level">
          <div class="output indention">
        <div data-toggle="collapse" class=" collapsed  collapsable-control" data-target="#output-5">
          Output 1
          <i class="chevron fa fa-fw"></i>
        </div>
        <div id="output-5" class="collapse collapsable-details " >
          
          <pre><p>Pass: Login successfull</p></pre>
        </div>
      </div>
      </div>

        
  
        

      </div>
          <div class="step">
        
<div class="brief passed">
  <span class="keyword indention">Then</span>
  <span class="name">Impersonate as a different user</span>
  
  <span class="lead-duration duration">15.191</span>

</div>

        

        


        
        

        
  <div class="outputs inner-level">
          <div class="output indention">
        <div data-toggle="collapse" class=" collapsed  collapsable-control" data-target="#output-6">
          Output 1
          <i class="chevron fa fa-fw"></i>
        </div>
        <div id="output-6" class="collapse collapsable-details " >
          
          <pre><p>Pass: Impersonate successfull</p></pre>
        </div>
      </div>
      </div>

        
  
        

      </div>
          <div class="step">
        
<div class="brief passed">
  <span class="keyword indention">When</span>
  <span class="name">Navigate to Change Management</span>
  
  <span class="lead-duration duration">3.520</span>

</div>

        

        


        
        

        
  <div class="outputs inner-level">
          <div class="output indention">
        <div data-toggle="collapse" class=" collapsed  collapsable-control" data-target="#output-7">
          Output 1
          <i class="chevron fa fa-fw"></i>
        </div>
        <div id="output-7" class="collapse collapsable-details " >
          
          <pre><p>Pass: Successfully Navigated to Change Management</p></pre>
        </div>
      </div>
      </div>

        
  
        

      </div>
          <div class="step">
        
<div class="brief passed">
  <span class="keyword indention">And</span>
  <span class="name">Select Change type</span>
  
  <span class="lead-duration duration">5.126</span>

</div>

        

        


        
        

        
  <div class="outputs inner-level">
          <div class="output indention">
        <div data-toggle="collapse" class=" collapsed  collapsable-control" data-target="#output-8">
          Output 1
          <i class="chevron fa fa-fw"></i>
        </div>
        <div id="output-8" class="collapse collapsable-details " >
          
          <pre><p>Pass: Successfully Navigated to Normal Change</p></pre>
        </div>
      </div>
      </div>

        
  
        

      </div>
          <div class="step">
        
<div class="brief passed">
  <span class="keyword indention">Then</span>
  <span class="name">Create a Change</span>
  
  <span class="lead-duration duration">16.844</span>

</div>

        

        


        
        

        
  <div class="outputs inner-level">
          <div class="output indention">
        <div data-toggle="collapse" class=" collapsed  collapsable-control" data-target="#output-9">
          Output 1
          <i class="chevron fa fa-fw"></i>
        </div>
        <div id="output-9" class="collapse collapsable-details " >
          
          <pre><p>Pass: Successfully Create the Change:CHG0060106 for Approval</p></pre>
        </div>
      </div>
      </div>

        
  
        

      </div>
          <div class="step">
        
<div class="brief passed">
  <span class="keyword indention">And</span>
  <span class="name">Submit Change for approval</span>
  
  <span class="lead-duration duration">4.074</span>

</div>

        

        


        
        

        
  <div class="outputs inner-level">
          <div class="output indention">
        <div data-toggle="collapse" class=" collapsed  collapsable-control" data-target="#output-10">
          Output 1
          <i class="chevron fa fa-fw"></i>
        </div>
        <div id="output-10" class="collapse collapsable-details " >
          
          <pre><p>Pass: Successfully Submitted the for Approval</p></pre>
        </div>
      </div>
      </div>

        
  
        

      </div>
          <div class="step">
        
<div class="brief failed">
  <span class="keyword indention">Then</span>
  <span class="name">Approve the change request</span>
  
  <span class="lead-duration duration">0.505</span>

</div>

        

        

  <div class="inner-level">
    <div class="message indention">
      <div data-toggle="collapse" class=" collapsable-control" data-target="#msg-11">
          <a>org.openqa.selenium.ElementNotVisibleException:</a>
      </div>
      <div id="msg-11" class="collapse collapsable-details  in ">
        <pre>org.openqa.selenium.ElementNotVisibleException: element not visible
  (Session info: chrome=61.0.3163.79)
  (Driver info: chromedriver=2.34.522940 (1a76f96f66e3ca7b8e57d503b4dd3bccfba87af1),platform=Windows NT 6.3.9600 x86_64) (WARNING: The server did not provide any stacktrace information)
Command duration or timeout: 0 milliseconds
Build info: version: '3.7.1', revision: '8a0099a', time: '2017-11-06T21:01:39.354Z'
System info: host: 'WALSNT81057', ip: '10.155.29.124', os.name: 'Windows 8.1', os.arch: 'amd64', os.version: '6.3', java.version: '1.8.0_201'
Driver info: org.openqa.selenium.chrome.ChromeDriver
Capabilities {acceptSslCerts: true, applicationCacheEnabled: false, browserConnectionEnabled: false, browserName: chrome, chrome: {chromedriverVersion: 2.34.522940 (1a76f96f66e3ca..., userDataDir: C:\Users\MOHITH~1.KHA\AppDa...}, cssSelectorsEnabled: true, databaseEnabled: false, handlesAlerts: true, hasTouchScreen: false, javascriptEnabled: true, locationContextEnabled: true, mobileEmulationEnabled: false, nativeEvents: true, networkConnectionEnabled: false, pageLoadStrategy: normal, platform: XP, platformName: XP, rotatable: false, setWindowRect: true, takesHeapSnapshot: true, takesScreenshot: true, unexpectedAlertBehaviour: , unhandledPromptBehavior: , version: 61.0.3163.79, webStorageEnabled: true}
Session ID: 5f709d0e442bba4da5ae10315dfe89f0
	at sun.reflect.NativeConstructorAccessorImpl.newInstance0(Native Method)
	at sun.reflect.NativeConstructorAccessorImpl.newInstance(NativeConstructorAccessorImpl.java:62)
	at sun.reflect.DelegatingConstructorAccessorImpl.newInstance(DelegatingConstructorAccessorImpl.java:45)
	at java.lang.reflect.Constructor.newInstance(Constructor.java:423)
	at org.openqa.selenium.remote.ErrorHandler.createThrowable(ErrorHandler.java:214)
	at org.openqa.selenium.remote.ErrorHandler.throwIfResponseFailed(ErrorHandler.java:166)
	at org.openqa.selenium.remote.http.JsonHttpResponseCodec.reconstructValue(JsonHttpResponseCodec.java:40)
	at org.openqa.selenium.remote.http.AbstractHttpResponseCodec.decode(AbstractHttpResponseCodec.java:80)
	at org.openqa.selenium.remote.http.AbstractHttpResponseCodec.decode(AbstractHttpResponseCodec.java:44)
	at org.openqa.selenium.remote.HttpCommandExecutor.execute(HttpCommandExecutor.java:164)
	at org.openqa.selenium.remote.service.DriverCommandExecutor.execute(DriverCommandExecutor.java:83)
	at org.openqa.selenium.remote.RemoteWebDriver.execute(RemoteWebDriver.java:600)
	at org.openqa.selenium.remote.RemoteWebElement.execute(RemoteWebElement.java:279)
	at org.openqa.selenium.remote.RemoteWebElement.click(RemoteWebElement.java:83)
	at serviceNow.pageObjects.ChangeManagement_SN.ApproveChangeRequest(ChangeManagement_SN.java:548)
	at serviceNow.serviceNow.Automation.StepMethod.approve_the_change_request(StepMethod.java:691)
	at &#10045;.Then Approve the change request(ChangeManagement.feature:62)
</pre>
      </div>
    </div>
  </div>


        
        

        

        
  
        

      </div>
          <div class="step">
        
<div class="brief skipped">
  <span class="keyword indention">And</span>
  <span class="name">Implement and review the change request</span>
  
  <span class="lead-duration duration">0.000</span>

</div>

        

        


        
        

        

        
  
        

      </div>
      </div>
</div>


    
  <div class="inner-level hooks-element-after">
        <div data-toggle="collapse" class=" collapsed  collapsable-control" data-target="#after-12">
      
<div class="brief passed">
  <span class="keyword indention">Hooks</span>
  <span class="name"></span>
  

       <i class="chevron fa fa-fw"></i>
  </div>

    </div>

    <div id="after-12" class="inner-level collapse collapsable-details ">
              <div class="hook">
          <div class="brief passed">
            <span class="keyword indention">After</span>
                          <span class="location name">StepMethod.close_the_Browser()</span>
                        
  <span class="lead-duration duration">2.136</span>

          </div>

                      

          
                    

          
  
        </div>
          </div>
  </div>

  </div>
</div>

                      
<div class="element">
      <div class="indention">
      <b>Feature:</b>
      <a href="report-feature_ChangeManagement-feature.html">Change Management</a>
    </div>
  
  
<div class="tags indention">
      <b>Tags:</b>
           <a href="report-tag_tag.html">@tag</a>
           <a href="report-tag_tag4.html">@tag4</a>
      </div>

  
  <span class="lead-duration duration">1:1.666</span>


    <span data-toggle="collapse" class=" collapsable-control" data-target="#element-13">
    
<div class="brief failed">
  <span class="keyword indention">Scenario Outline</span>
  <span class="name">Testing Experienced Issue Standard Change process</span>
  

       <i class="chevron fa fa-fw"></i>
  </div>

  </span>
  <div class="description indention"></div>

  <div id="element-13" class="collapse collapsable-details  in ">
    
  <div class="inner-level hooks-element-before">
        <div data-toggle="collapse" class=" collapsed  collapsable-control" data-target="#before-14">
      
<div class="brief passed">
  <span class="keyword indention">Hooks</span>
  <span class="name"></span>
  

       <i class="chevron fa fa-fw"></i>
  </div>

    </div>

    <div id="before-14" class="inner-level collapse collapsable-details ">
              <div class="hook">
          <div class="brief passed">
            <span class="keyword indention">Before</span>
                          <span class="location name">StepMethod.hookScenario(Scenario)</span>
                        
  <span class="lead-duration duration">0.052</span>

          </div>

                      

          
                    

          
  
        </div>
          </div>
  </div>


    
<div class="steps inner-level">
    <div data-toggle="collapse" class=" collapsable-control" data-target="#steps-15">
    
<div class="brief failed">
  <span class="keyword indention">Steps</span>
  <span class="name"></span>
  

       <i class="chevron fa fa-fw"></i>
  </div>

  </div>

  <div id="steps-15" class="inner-level collapse collapsable-details  in ">
          <div class="step">
        
<div class="brief passed">
  <span class="keyword indention">Given</span>
  <span class="name">Open &quot;<span class="argument">chrome</span>&quot; and launch URL</span>
  
  <span class="lead-duration duration">7.730</span>

</div>

        

        


        
        

        
  <div class="outputs inner-level">
          <div class="output indention">
        <div data-toggle="collapse" class=" collapsed  collapsable-control" data-target="#output-16">
          Output 1
          <i class="chevron fa fa-fw"></i>
        </div>
        <div id="output-16" class="collapse collapsable-details " >
          
          <pre><p>Pass: 'chrome' browser launched successfull</p></pre>
        </div>
      </div>
      </div>

        
  
        

      </div>
          <div class="step">
        
<div class="brief passed">
  <span class="keyword indention">And</span>
  <span class="name">Authenticate the user</span>
  
  <span class="lead-duration duration">9.243</span>

</div>

        

        


        
        

        
  <div class="outputs inner-level">
          <div class="output indention">
        <div data-toggle="collapse" class=" collapsed  collapsable-control" data-target="#output-17">
          Output 1
          <i class="chevron fa fa-fw"></i>
        </div>
        <div id="output-17" class="collapse collapsable-details " >
          
          <pre><p>Pass: Login successfull</p></pre>
        </div>
      </div>
      </div>

        
  
        

      </div>
          <div class="step">
        
<div class="brief passed">
  <span class="keyword indention">Then</span>
  <span class="name">Impersonate as a different user</span>
  
  <span class="lead-duration duration">13.723</span>

</div>

        

        


        
        

        
  <div class="outputs inner-level">
          <div class="output indention">
        <div data-toggle="collapse" class=" collapsed  collapsable-control" data-target="#output-18">
          Output 1
          <i class="chevron fa fa-fw"></i>
        </div>
        <div id="output-18" class="collapse collapsable-details " >
          
          <pre><p>Pass: Impersonate successfull</p></pre>
        </div>
      </div>
      </div>

        
  
        

      </div>
          <div class="step">
        
<div class="brief passed">
  <span class="keyword indention">When</span>
  <span class="name">Navigate to Change Management</span>
  
  <span class="lead-duration duration">3.062</span>

</div>

        

        


        
        

        
  <div class="outputs inner-level">
          <div class="output indention">
        <div data-toggle="collapse" class=" collapsed  collapsable-control" data-target="#output-19">
          Output 1
          <i class="chevron fa fa-fw"></i>
        </div>
        <div id="output-19" class="collapse collapsable-details " >
          
          <pre><p>Pass: Successfully Navigated to Change Management</p></pre>
        </div>
      </div>
      </div>

        
  
        

      </div>
          <div class="step">
        
<div class="brief passed">
  <span class="keyword indention">And</span>
  <span class="name">Select Change type</span>
  
  <span class="lead-duration duration">5.801</span>

</div>

        

        


        
        

        
  <div class="outputs inner-level">
          <div class="output indention">
        <div data-toggle="collapse" class=" collapsed  collapsable-control" data-target="#output-20">
          Output 1
          <i class="chevron fa fa-fw"></i>
        </div>
        <div id="output-20" class="collapse collapsable-details " >
          
          <pre><p>Pass: Successfully Navigated to Normal Change</p></pre>
        </div>
      </div>
      </div>

        
  
        

      </div>
          <div class="step">
        
<div class="brief passed">
  <span class="keyword indention">Then</span>
  <span class="name">Create a Change</span>
  
  <span class="lead-duration duration">18.217</span>

</div>

        

        


        
        

        
  <div class="outputs inner-level">
          <div class="output indention">
        <div data-toggle="collapse" class=" collapsed  collapsable-control" data-target="#output-21">
          Output 1
          <i class="chevron fa fa-fw"></i>
        </div>
        <div id="output-21" class="collapse collapsable-details " >
          
          <pre><p>Pass: Successfully Create the Change:CHG0060107 for Approval</p></pre>
        </div>
      </div>
      </div>

        
  
        

      </div>
          <div class="step">
        
<div class="brief passed">
  <span class="keyword indention">And</span>
  <span class="name">Submit Change for approval</span>
  
  <span class="lead-duration duration">3.226</span>

</div>

        

        


        
        

        
  <div class="outputs inner-level">
          <div class="output indention">
        <div data-toggle="collapse" class=" collapsed  collapsable-control" data-target="#output-22">
          Output 1
          <i class="chevron fa fa-fw"></i>
        </div>
        <div id="output-22" class="collapse collapsable-details " >
          
          <pre><p>Pass: Successfully Submitted the for Approval</p></pre>
        </div>
      </div>
      </div>

        
  
        

      </div>
          <div class="step">
        
<div class="brief failed">
  <span class="keyword indention">Then</span>
  <span class="name">Approve the change request</span>
  
  <span class="lead-duration duration">0.661</span>

</div>

        

        

  <div class="inner-level">
    <div class="message indention">
      <div data-toggle="collapse" class=" collapsable-control" data-target="#msg-23">
          <a>org.openqa.selenium.ElementNotVisibleException:</a>
      </div>
      <div id="msg-23" class="collapse collapsable-details  in ">
        <pre>org.openqa.selenium.ElementNotVisibleException: element not visible
  (Session info: chrome=61.0.3163.79)
  (Driver info: chromedriver=2.34.522940 (1a76f96f66e3ca7b8e57d503b4dd3bccfba87af1),platform=Windows NT 6.3.9600 x86_64) (WARNING: The server did not provide any stacktrace information)
Command duration or timeout: 0 milliseconds
Build info: version: '3.7.1', revision: '8a0099a', time: '2017-11-06T21:01:39.354Z'
System info: host: 'WALSNT81057', ip: '10.155.29.124', os.name: 'Windows 8.1', os.arch: 'amd64', os.version: '6.3', java.version: '1.8.0_201'
Driver info: org.openqa.selenium.chrome.ChromeDriver
Capabilities {acceptSslCerts: true, applicationCacheEnabled: false, browserConnectionEnabled: false, browserName: chrome, chrome: {chromedriverVersion: 2.34.522940 (1a76f96f66e3ca..., userDataDir: C:\Users\MOHITH~1.KHA\AppDa...}, cssSelectorsEnabled: true, databaseEnabled: false, handlesAlerts: true, hasTouchScreen: false, javascriptEnabled: true, locationContextEnabled: true, mobileEmulationEnabled: false, nativeEvents: true, networkConnectionEnabled: false, pageLoadStrategy: normal, platform: XP, platformName: XP, rotatable: false, setWindowRect: true, takesHeapSnapshot: true, takesScreenshot: true, unexpectedAlertBehaviour: , unhandledPromptBehavior: , version: 61.0.3163.79, webStorageEnabled: true}
Session ID: b3a4760c4a2ba050453194a9bb1c9aac
	at sun.reflect.NativeConstructorAccessorImpl.newInstance0(Native Method)
	at sun.reflect.NativeConstructorAccessorImpl.newInstance(NativeConstructorAccessorImpl.java:62)
	at sun.reflect.DelegatingConstructorAccessorImpl.newInstance(DelegatingConstructorAccessorImpl.java:45)
	at java.lang.reflect.Constructor.newInstance(Constructor.java:423)
	at org.openqa.selenium.remote.ErrorHandler.createThrowable(ErrorHandler.java:214)
	at org.openqa.selenium.remote.ErrorHandler.throwIfResponseFailed(ErrorHandler.java:166)
	at org.openqa.selenium.remote.http.JsonHttpResponseCodec.reconstructValue(JsonHttpResponseCodec.java:40)
	at org.openqa.selenium.remote.http.AbstractHttpResponseCodec.decode(AbstractHttpResponseCodec.java:80)
	at org.openqa.selenium.remote.http.AbstractHttpResponseCodec.decode(AbstractHttpResponseCodec.java:44)
	at org.openqa.selenium.remote.HttpCommandExecutor.execute(HttpCommandExecutor.java:164)
	at org.openqa.selenium.remote.service.DriverCommandExecutor.execute(DriverCommandExecutor.java:83)
	at org.openqa.selenium.remote.RemoteWebDriver.execute(RemoteWebDriver.java:600)
	at org.openqa.selenium.remote.RemoteWebElement.execute(RemoteWebElement.java:279)
	at org.openqa.selenium.remote.RemoteWebElement.click(RemoteWebElement.java:83)
	at serviceNow.pageObjects.ChangeManagement_SN.ApproveChangeRequest(ChangeManagement_SN.java:548)
	at serviceNow.serviceNow.Automation.StepMethod.approve_the_change_request(StepMethod.java:691)
	at &#10045;.Then Approve the change request(ChangeManagement.feature:79)
</pre>
      </div>
    </div>
  </div>


        
        

        

        
  
        

      </div>
          <div class="step">
        
<div class="brief skipped">
  <span class="keyword indention">And</span>
  <span class="name">Implement and review the change request</span>
  
  <span class="lead-duration duration">0.000</span>

</div>

        

        


        
        

        

        
  
        

      </div>
          <div class="step">
        
<div class="brief skipped">
  <span class="keyword indention">Then</span>
  <span class="name">Close the change request</span>
  
  <span class="lead-duration duration">0.000</span>

</div>

        

        


        
        

        

        
  
        

      </div>
      </div>
</div>


    
  <div class="inner-level hooks-element-after">
        <div data-toggle="collapse" class=" collapsed  collapsable-control" data-target="#after-24">
      
<div class="brief passed">
  <span class="keyword indention">Hooks</span>
  <span class="name"></span>
  

       <i class="chevron fa fa-fw"></i>
  </div>

    </div>

    <div id="after-24" class="inner-level collapse collapsable-details ">
              <div class="hook">
          <div class="brief passed">
            <span class="keyword indention">After</span>
                          <span class="location name">StepMethod.close_the_Browser()</span>
                        
  <span class="lead-duration duration">0.194</span>

          </div>

                      

          
                    

          
  
        </div>
          </div>
  </div>

  </div>
</div>

                      
<div class="element">
      <div class="indention">
      <b>Feature:</b>
      <a href="report-feature_ChangeManagement-feature.html">Change Management</a>
    </div>
  
  
<div class="tags indention">
      <b>Tags:</b>
           <a href="report-tag_tag6.html">@tag6</a>
           <a href="report-tag_tag.html">@tag</a>
      </div>

  
  <span class="lead-duration duration">59.749</span>


    <span data-toggle="collapse" class=" collapsable-control" data-target="#element-25">
    
<div class="brief failed">
  <span class="keyword indention">Scenario Outline</span>
  <span class="name">Testing Experienced Issue Emergency Change process</span>
  

       <i class="chevron fa fa-fw"></i>
  </div>

  </span>
  <div class="description indention"></div>

  <div id="element-25" class="collapse collapsable-details  in ">
    
  <div class="inner-level hooks-element-before">
        <div data-toggle="collapse" class=" collapsed  collapsable-control" data-target="#before-26">
      
<div class="brief passed">
  <span class="keyword indention">Hooks</span>
  <span class="name"></span>
  

       <i class="chevron fa fa-fw"></i>
  </div>

    </div>

    <div id="before-26" class="inner-level collapse collapsable-details ">
              <div class="hook">
          <div class="brief passed">
            <span class="keyword indention">Before</span>
                          <span class="location name">StepMethod.hookScenario(Scenario)</span>
                        
  <span class="lead-duration duration">0.066</span>

          </div>

                      

          
                    

          
  
        </div>
          </div>
  </div>


    
<div class="steps inner-level">
    <div data-toggle="collapse" class=" collapsable-control" data-target="#steps-27">
    
<div class="brief failed">
  <span class="keyword indention">Steps</span>
  <span class="name"></span>
  

       <i class="chevron fa fa-fw"></i>
  </div>

  </div>

  <div id="steps-27" class="inner-level collapse collapsable-details  in ">
          <div class="step">
        
<div class="brief passed">
  <span class="keyword indention">Given</span>
  <span class="name">Open &quot;<span class="argument">chrome</span>&quot; and launch URL</span>
  
  <span class="lead-duration duration">7.580</span>

</div>

        

        


        
        

        
  <div class="outputs inner-level">
          <div class="output indention">
        <div data-toggle="collapse" class=" collapsed  collapsable-control" data-target="#output-28">
          Output 1
          <i class="chevron fa fa-fw"></i>
        </div>
        <div id="output-28" class="collapse collapsable-details " >
          
          <pre><p>Pass: 'chrome' browser launched successfull</p></pre>
        </div>
      </div>
      </div>

        
  
        

      </div>
          <div class="step">
        
<div class="brief passed">
  <span class="keyword indention">And</span>
  <span class="name">Authenticate the user</span>
  
  <span class="lead-duration duration">6.420</span>

</div>

        

        


        
        

        
  <div class="outputs inner-level">
          <div class="output indention">
        <div data-toggle="collapse" class=" collapsed  collapsable-control" data-target="#output-29">
          Output 1
          <i class="chevron fa fa-fw"></i>
        </div>
        <div id="output-29" class="collapse collapsable-details " >
          
          <pre><p>Pass: Login successfull</p></pre>
        </div>
      </div>
      </div>

        
  
        

      </div>
          <div class="step">
        
<div class="brief passed">
  <span class="keyword indention">Then</span>
  <span class="name">Impersonate as a different user</span>
  
  <span class="lead-duration duration">14.625</span>

</div>

        

        


        
        

        
  <div class="outputs inner-level">
          <div class="output indention">
        <div data-toggle="collapse" class=" collapsed  collapsable-control" data-target="#output-30">
          Output 1
          <i class="chevron fa fa-fw"></i>
        </div>
        <div id="output-30" class="collapse collapsable-details " >
          
          <pre><p>Pass: Impersonate successfull</p></pre>
        </div>
      </div>
      </div>

        
  
        

      </div>
          <div class="step">
        
<div class="brief passed">
  <span class="keyword indention">When</span>
  <span class="name">Navigate to Change Management</span>
  
  <span class="lead-duration duration">3.719</span>

</div>

        

        


        
        

        
  <div class="outputs inner-level">
          <div class="output indention">
        <div data-toggle="collapse" class=" collapsed  collapsable-control" data-target="#output-31">
          Output 1
          <i class="chevron fa fa-fw"></i>
        </div>
        <div id="output-31" class="collapse collapsable-details " >
          
          <pre><p>Pass: Successfully Navigated to Change Management</p></pre>
        </div>
      </div>
      </div>

        
  
        

      </div>
          <div class="step">
        
<div class="brief passed">
  <span class="keyword indention">And</span>
  <span class="name">Select Change type</span>
  
  <span class="lead-duration duration">2.103</span>

</div>

        

        


        
        

        
  <div class="outputs inner-level">
          <div class="output indention">
        <div data-toggle="collapse" class=" collapsed  collapsable-control" data-target="#output-32">
          Output 1
          <i class="chevron fa fa-fw"></i>
        </div>
        <div id="output-32" class="collapse collapsable-details " >
          
          <pre><p>Pass: Successfully Navigated to Normal Change</p></pre>
        </div>
      </div>
      </div>

        
  
        

      </div>
          <div class="step">
        
<div class="brief passed">
  <span class="keyword indention">Then</span>
  <span class="name">Create a Change</span>
  
  <span class="lead-duration duration">20.495</span>

</div>

        

        


        
        

        
  <div class="outputs inner-level">
          <div class="output indention">
        <div data-toggle="collapse" class=" collapsed  collapsable-control" data-target="#output-33">
          Output 1
          <i class="chevron fa fa-fw"></i>
        </div>
        <div id="output-33" class="collapse collapsable-details " >
          
          <pre><p>Pass: Successfully Create the Change:CHG0060109 for Approval</p></pre>
        </div>
      </div>
      </div>

        
  
        

      </div>
          <div class="step">
        
<div class="brief failed">
  <span class="keyword indention">And</span>
  <span class="name">Fill Risk assessment form</span>
  
  <span class="lead-duration duration">4.804</span>

</div>

        

        

  <div class="inner-level">
    <div class="message indention">
      <div data-toggle="collapse" class=" collapsable-control" data-target="#msg-34">
          <a>org.openqa.selenium.NoSuchFrameException:</a>
      </div>
      <div id="msg-34" class="collapse collapsable-details  in ">
        <pre>org.openqa.selenium.NoSuchFrameException: no such frame
  (Session info: chrome=61.0.3163.79)
  (Driver info: chromedriver=2.34.522940 (1a76f96f66e3ca7b8e57d503b4dd3bccfba87af1),platform=Windows NT 6.3.9600 x86_64) (WARNING: The server did not provide any stacktrace information)
Command duration or timeout: 0 milliseconds
Build info: version: '3.7.1', revision: '8a0099a', time: '2017-11-06T21:01:39.354Z'
System info: host: 'WALSNT81057', ip: '10.155.29.124', os.name: 'Windows 8.1', os.arch: 'amd64', os.version: '6.3', java.version: '1.8.0_201'
Driver info: org.openqa.selenium.chrome.ChromeDriver
Capabilities {acceptSslCerts: true, applicationCacheEnabled: false, browserConnectionEnabled: false, browserName: chrome, chrome: {chromedriverVersion: 2.34.522940 (1a76f96f66e3ca..., userDataDir: C:\Users\MOHITH~1.KHA\AppDa...}, cssSelectorsEnabled: true, databaseEnabled: false, handlesAlerts: true, hasTouchScreen: false, javascriptEnabled: true, locationContextEnabled: true, mobileEmulationEnabled: false, nativeEvents: true, networkConnectionEnabled: false, pageLoadStrategy: normal, platform: XP, platformName: XP, rotatable: false, setWindowRect: true, takesHeapSnapshot: true, takesScreenshot: true, unexpectedAlertBehaviour: , unhandledPromptBehavior: , version: 61.0.3163.79, webStorageEnabled: true}
Session ID: 812b6da44eac20d9a170c1fad25d8c27
	at sun.reflect.NativeConstructorAccessorImpl.newInstance0(Native Method)
	at sun.reflect.NativeConstructorAccessorImpl.newInstance(NativeConstructorAccessorImpl.java:62)
	at sun.reflect.DelegatingConstructorAccessorImpl.newInstance(DelegatingConstructorAccessorImpl.java:45)
	at java.lang.reflect.Constructor.newInstance(Constructor.java:423)
	at org.openqa.selenium.remote.ErrorHandler.createThrowable(ErrorHandler.java:214)
	at org.openqa.selenium.remote.ErrorHandler.throwIfResponseFailed(ErrorHandler.java:166)
	at org.openqa.selenium.remote.http.JsonHttpResponseCodec.reconstructValue(JsonHttpResponseCodec.java:40)
	at org.openqa.selenium.remote.http.AbstractHttpResponseCodec.decode(AbstractHttpResponseCodec.java:80)
	at org.openqa.selenium.remote.http.AbstractHttpResponseCodec.decode(AbstractHttpResponseCodec.java:44)
	at org.openqa.selenium.remote.HttpCommandExecutor.execute(HttpCommandExecutor.java:164)
	at org.openqa.selenium.remote.service.DriverCommandExecutor.execute(DriverCommandExecutor.java:83)
	at org.openqa.selenium.remote.RemoteWebDriver.execute(RemoteWebDriver.java:600)
	at org.openqa.selenium.remote.RemoteWebDriver$RemoteTargetLocator.frame(RemoteWebDriver.java:926)
	at serviceNow.pageObjects.ChangeManagement_SN.FillOutRiskAssessment(ChangeManagement_SN.java:483)
	at serviceNow.serviceNow.Automation.StepMethod.fill_Risk_assessment_form(StepMethod.java:663)
	at &#10045;.And Fill Risk assessment form(ChangeManagement.feature:114)
</pre>
      </div>
    </div>
  </div>


        
        

        

        
  
        

      </div>
          <div class="step">
        
<div class="brief skipped">
  <span class="keyword indention">And</span>
  <span class="name">Submit Change for approval</span>
  
  <span class="lead-duration duration">0.000</span>

</div>

        

        


        
        

        

        
  
        

      </div>
          <div class="step">
        
<div class="brief skipped">
  <span class="keyword indention">Then</span>
  <span class="name">Approve the change request</span>
  
  <span class="lead-duration duration">0.000</span>

</div>

        

        


        
        

        

        
  
        

      </div>
          <div class="step">
        
<div class="brief skipped">
  <span class="keyword indention">And</span>
  <span class="name">Implement and review the change request</span>
  
  <span class="lead-duration duration">0.000</span>

</div>

        

        


        
        

        

        
  
        

      </div>
          <div class="step">
        
<div class="brief skipped">
  <span class="keyword indention">Then</span>
  <span class="name">Close the change request</span>
  
  <span class="lead-duration duration">0.000</span>

</div>

        

        


        
        

        

        
  
        

      </div>
      </div>
</div>


    
  <div class="inner-level hooks-element-after">
        <div data-toggle="collapse" class=" collapsed  collapsable-control" data-target="#after-35">
      
<div class="brief passed">
  <span class="keyword indention">Hooks</span>
  <span class="name"></span>
  

       <i class="chevron fa fa-fw"></i>
  </div>

    </div>

    <div id="after-35" class="inner-level collapse collapsable-details ">
              <div class="hook">
          <div class="brief passed">
            <span class="keyword indention">After</span>
                          <span class="location name">StepMethod.close_the_Browser()</span>
                        
  <span class="lead-duration duration">2.385</span>

          </div>

                      

          
                    

          
  
        </div>
          </div>
  </div>

  </div>
</div>

                      
<div class="element">
      <div class="indention">
      <b>Feature:</b>
      <a href="report-feature_ChangeManagement-feature.html">Change Management</a>
    </div>
  
  
<div class="tags indention">
      <b>Tags:</b>
           <a href="report-tag_tag7.html">@tag7</a>
           <a href="report-tag_tag.html">@tag</a>
      </div>

  
  <span class="lead-duration duration">1:54.163</span>


    <span data-toggle="collapse" class=" collapsable-control" data-target="#element-36">
    
<div class="brief failed">
  <span class="keyword indention">Scenario Outline</span>
  <span class="name">Testing Successful Expedited Change process</span>
  

       <i class="chevron fa fa-fw"></i>
  </div>

  </span>
  <div class="description indention"></div>

  <div id="element-36" class="collapse collapsable-details  in ">
    
  <div class="inner-level hooks-element-before">
        <div data-toggle="collapse" class=" collapsed  collapsable-control" data-target="#before-37">
      
<div class="brief passed">
  <span class="keyword indention">Hooks</span>
  <span class="name"></span>
  

       <i class="chevron fa fa-fw"></i>
  </div>

    </div>

    <div id="before-37" class="inner-level collapse collapsable-details ">
              <div class="hook">
          <div class="brief passed">
            <span class="keyword indention">Before</span>
                          <span class="location name">StepMethod.hookScenario(Scenario)</span>
                        
  <span class="lead-duration duration">0.066</span>

          </div>

                      

          
                    

          
  
        </div>
          </div>
  </div>


    
<div class="steps inner-level">
    <div data-toggle="collapse" class=" collapsable-control" data-target="#steps-38">
    
<div class="brief failed">
  <span class="keyword indention">Steps</span>
  <span class="name"></span>
  

       <i class="chevron fa fa-fw"></i>
  </div>

  </div>

  <div id="steps-38" class="inner-level collapse collapsable-details  in ">
          <div class="step">
        
<div class="brief passed">
  <span class="keyword indention">Given</span>
  <span class="name">Open &quot;<span class="argument">chrome</span>&quot; and launch URL</span>
  
  <span class="lead-duration duration">7.360</span>

</div>

        

        


        
        

        
  <div class="outputs inner-level">
          <div class="output indention">
        <div data-toggle="collapse" class=" collapsed  collapsable-control" data-target="#output-39">
          Output 1
          <i class="chevron fa fa-fw"></i>
        </div>
        <div id="output-39" class="collapse collapsable-details " >
          
          <pre><p>Pass: 'chrome' browser launched successfull</p></pre>
        </div>
      </div>
      </div>

        
  
        

      </div>
          <div class="step">
        
<div class="brief passed">
  <span class="keyword indention">And</span>
  <span class="name">Authenticate the user</span>
  
  <span class="lead-duration duration">5.880</span>

</div>

        

        


        
        

        
  <div class="outputs inner-level">
          <div class="output indention">
        <div data-toggle="collapse" class=" collapsed  collapsable-control" data-target="#output-40">
          Output 1
          <i class="chevron fa fa-fw"></i>
        </div>
        <div id="output-40" class="collapse collapsable-details " >
          
          <pre><p>Pass: Login successfull</p></pre>
        </div>
      </div>
      </div>

        
  
        

      </div>
          <div class="step">
        
<div class="brief passed">
  <span class="keyword indention">Then</span>
  <span class="name">Impersonate as a different user</span>
  
  <span class="lead-duration duration">15.138</span>

</div>

        

        


        
        

        
  <div class="outputs inner-level">
          <div class="output indention">
        <div data-toggle="collapse" class=" collapsed  collapsable-control" data-target="#output-41">
          Output 1
          <i class="chevron fa fa-fw"></i>
        </div>
        <div id="output-41" class="collapse collapsable-details " >
          
          <pre><p>Pass: Impersonate successfull</p></pre>
        </div>
      </div>
      </div>

        
  
        

      </div>
          <div class="step">
        
<div class="brief passed">
  <span class="keyword indention">When</span>
  <span class="name">Navigate to Change Management</span>
  
  <span class="lead-duration duration">5.750</span>

</div>

        

        


        
        

        
  <div class="outputs inner-level">
          <div class="output indention">
        <div data-toggle="collapse" class=" collapsed  collapsable-control" data-target="#output-42">
          Output 1
          <i class="chevron fa fa-fw"></i>
        </div>
        <div id="output-42" class="collapse collapsable-details " >
          
          <pre><p>Pass: Successfully Navigated to Change Management</p></pre>
        </div>
      </div>
      </div>

        
  
        

      </div>
          <div class="step">
        
<div class="brief passed">
  <span class="keyword indention">And</span>
  <span class="name">Select Change type</span>
  
  <span class="lead-duration duration">3.853</span>

</div>

        

        


        
        

        
  <div class="outputs inner-level">
          <div class="output indention">
        <div data-toggle="collapse" class=" collapsed  collapsable-control" data-target="#output-43">
          Output 1
          <i class="chevron fa fa-fw"></i>
        </div>
        <div id="output-43" class="collapse collapsable-details " >
          
          <pre><p>Pass: Successfully Navigated to Normal Change</p></pre>
        </div>
      </div>
      </div>

        
  
        

      </div>
          <div class="step">
        
<div class="brief passed">
  <span class="keyword indention">Then</span>
  <span class="name">Create a Change</span>
  
  <span class="lead-duration duration">20.022</span>

</div>

        

        


        
        

        
  <div class="outputs inner-level">
          <div class="output indention">
        <div data-toggle="collapse" class=" collapsed  collapsable-control" data-target="#output-44">
          Output 1
          <i class="chevron fa fa-fw"></i>
        </div>
        <div id="output-44" class="collapse collapsable-details " >
          
          <pre><p>Pass: Successfully Create the Change:CHG0060110 for Approval</p></pre>
        </div>
      </div>
      </div>

        
  
        

      </div>
          <div class="step">
        
<div class="brief passed">
  <span class="keyword indention">And</span>
  <span class="name">Fill Risk assessment form</span>
  
  <span class="lead-duration duration">10.577</span>

</div>

        

        


        
        

        
  <div class="outputs inner-level">
          <div class="output indention">
        <div data-toggle="collapse" class=" collapsed  collapsable-control" data-target="#output-45">
          Output 1
          <i class="chevron fa fa-fw"></i>
        </div>
        <div id="output-45" class="collapse collapsable-details " >
          
          <pre><p>Pass: Successfully Submitted Risk Assessment</p></pre>
        </div>
      </div>
      </div>

        
  
        

      </div>
          <div class="step">
        
<div class="brief passed">
  <span class="keyword indention">And</span>
  <span class="name">Submit Change for approval</span>
  
  <span class="lead-duration duration">3.908</span>

</div>

        

        


        
        

        
  <div class="outputs inner-level">
          <div class="output indention">
        <div data-toggle="collapse" class=" collapsed  collapsable-control" data-target="#output-46">
          Output 1
          <i class="chevron fa fa-fw"></i>
        </div>
        <div id="output-46" class="collapse collapsable-details " >
          
          <pre><p>Pass: Successfully Submitted the for Approval</p></pre>
        </div>
      </div>
      </div>

        
  
        

      </div>
          <div class="step">
        
<div class="brief failed">
  <span class="keyword indention">Then</span>
  <span class="name">Approve the change request</span>
  
  <span class="lead-duration duration">41.668</span>

</div>

        

        

  <div class="inner-level">
    <div class="message indention">
      <div data-toggle="collapse" class=" collapsable-control" data-target="#msg-47">
          <a>org.openqa.selenium.TimeoutException:</a>
      </div>
      <div id="msg-47" class="collapse collapsable-details  in ">
        <pre>org.openqa.selenium.TimeoutException: Expected condition failed: waiting for element to be clickable: Proxy element for: DefaultElementLocator 'By.id: toggle_change_calendar' (tried for 20 second(s) with 500 MILLISECONDS interval)
	at org.openqa.selenium.support.ui.WebDriverWait.timeoutException(WebDriverWait.java:82)
	at org.openqa.selenium.support.ui.FluentWait.until(FluentWait.java:231)
	at serviceNow.pageObjects.ChangeManagement_SN.ApproveChangeRequest(ChangeManagement_SN.java:598)
	at serviceNow.serviceNow.Automation.StepMethod.approve_the_change_request(StepMethod.java:691)
	at &#10045;.Then Approve the change request(ChangeManagement.feature:135)
Caused by: org.openqa.selenium.NoSuchElementException: no such element: Unable to locate element: {&quot;method&quot;:&quot;id&quot;,&quot;selector&quot;:&quot;toggle_change_calendar&quot;}
  (Session info: chrome=61.0.3163.79)
  (Driver info: chromedriver=2.34.522940 (1a76f96f66e3ca7b8e57d503b4dd3bccfba87af1),platform=Windows NT 6.3.9600 x86_64) (WARNING: The server did not provide any stacktrace information)
Command duration or timeout: 0 milliseconds
For documentation on this error, please visit: http://seleniumhq.org/exceptions/no_such_element.html
Build info: version: '3.7.1', revision: '8a0099a', time: '2017-11-06T21:01:39.354Z'
System info: host: 'WALSNT81057', ip: '10.155.29.124', os.name: 'Windows 8.1', os.arch: 'amd64', os.version: '6.3', java.version: '1.8.0_201'
Driver info: org.openqa.selenium.chrome.ChromeDriver
Capabilities {acceptSslCerts: true, applicationCacheEnabled: false, browserConnectionEnabled: false, browserName: chrome, chrome: {chromedriverVersion: 2.34.522940 (1a76f96f66e3ca..., userDataDir: C:\Users\MOHITH~1.KHA\AppDa...}, cssSelectorsEnabled: true, databaseEnabled: false, handlesAlerts: true, hasTouchScreen: false, javascriptEnabled: true, locationContextEnabled: true, mobileEmulationEnabled: false, nativeEvents: true, networkConnectionEnabled: false, pageLoadStrategy: normal, platform: XP, platformName: XP, rotatable: false, setWindowRect: true, takesHeapSnapshot: true, takesScreenshot: true, unexpectedAlertBehaviour: , unhandledPromptBehavior: , version: 61.0.3163.79, webStorageEnabled: true}
Session ID: e96d220ec8be1feb22bcb862118e27c6
*** Element info: {Using=id, value=toggle_change_calendar}
	at sun.reflect.GeneratedConstructorAccessor53.newInstance(Unknown Source)
	at sun.reflect.DelegatingConstructorAccessorImpl.newInstance(DelegatingConstructorAccessorImpl.java:45)
	at java.lang.reflect.Constructor.newInstance(Constructor.java:423)
	at org.openqa.selenium.remote.ErrorHandler.createThrowable(ErrorHandler.java:214)
	at org.openqa.selenium.remote.ErrorHandler.throwIfResponseFailed(ErrorHandler.java:166)
	at org.openqa.selenium.remote.http.JsonHttpResponseCodec.reconstructValue(JsonHttpResponseCodec.java:40)
	at org.openqa.selenium.remote.http.AbstractHttpResponseCodec.decode(AbstractHttpResponseCodec.java:80)
	at org.openqa.selenium.remote.http.AbstractHttpResponseCodec.decode(AbstractHttpResponseCodec.java:44)
	at org.openqa.selenium.remote.HttpCommandExecutor.execute(HttpCommandExecutor.java:164)
	at org.openqa.selenium.remote.service.DriverCommandExecutor.execute(DriverCommandExecutor.java:83)
	at org.openqa.selenium.remote.RemoteWebDriver.execute(RemoteWebDriver.java:600)
	at org.openqa.selenium.remote.RemoteWebDriver.findElement(RemoteWebDriver.java:370)
	at org.openqa.selenium.remote.RemoteWebDriver.findElementById(RemoteWebDriver.java:416)
	at org.openqa.selenium.By$ById.findElement(By.java:218)
	at org.openqa.selenium.remote.RemoteWebDriver.findElement(RemoteWebDriver.java:362)
	at org.openqa.selenium.support.pagefactory.DefaultElementLocator.findElement(DefaultElementLocator.java:69)
	at org.openqa.selenium.support.pagefactory.internal.LocatingElementHandler.invoke(LocatingElementHandler.java:38)
	at com.sun.proxy.$Proxy17.isDisplayed(Unknown Source)
	at org.openqa.selenium.support.ui.ExpectedConditions.elementIfVisible(ExpectedConditions.java:301)
	at org.openqa.selenium.support.ui.ExpectedConditions.access$100(ExpectedConditions.java:43)
	at org.openqa.selenium.support.ui.ExpectedConditions$10.apply(ExpectedConditions.java:287)
	at org.openqa.selenium.support.ui.ExpectedConditions$10.apply(ExpectedConditions.java:284)
	at org.openqa.selenium.support.ui.ExpectedConditions$23.apply(ExpectedConditions.java:672)
	at org.openqa.selenium.support.ui.ExpectedConditions$23.apply(ExpectedConditions.java:668)
	at org.openqa.selenium.support.ui.FluentWait.until(FluentWait.java:208)
	at serviceNow.pageObjects.ChangeManagement_SN.ApproveChangeRequest(ChangeManagement_SN.java:598)
	at serviceNow.serviceNow.Automation.StepMethod.approve_the_change_request(StepMethod.java:691)
	at sun.reflect.NativeMethodAccessorImpl.invoke0(Native Method)
	at sun.reflect.NativeMethodAccessorImpl.invoke(NativeMethodAccessorImpl.java:62)
	at sun.reflect.DelegatingMethodAccessorImpl.invoke(DelegatingMethodAccessorImpl.java:43)
	at java.lang.reflect.Method.invoke(Method.java:498)
	at cucumber.runtime.Utils$1.call(Utils.java:40)
	at cucumber.runtime.Timeout.timeout(Timeout.java:16)
	at cucumber.runtime.Utils.invoke(Utils.java:34)
	at cucumber.runtime.java.JavaStepDefinition.execute(JavaStepDefinition.java:38)
	at cucumber.runtime.StepDefinitionMatch.runStep(StepDefinitionMatch.java:37)
	at cucumber.runtime.Runtime.runStep(Runtime.java:300)
	at cucumber.runtime.model.StepContainer.runStep(StepContainer.java:44)
	at cucumber.runtime.model.StepContainer.runSteps(StepContainer.java:39)
	at cucumber.runtime.model.CucumberScenario.run(CucumberScenario.java:44)
	at cucumber.runtime.junit.ExecutionUnitRunner.run(ExecutionUnitRunner.java:102)
	at org.junit.runners.Suite.runChild(Suite.java:128)
	at org.junit.runners.Suite.runChild(Suite.java:27)
	at org.junit.runners.ParentRunner$3.run(ParentRunner.java:290)
	at org.junit.runners.ParentRunner$1.schedule(ParentRunner.java:71)
	at org.junit.runners.ParentRunner.runChildren(ParentRunner.java:288)
	at org.junit.runners.ParentRunner.access$000(ParentRunner.java:58)
	at org.junit.runners.ParentRunner$2.evaluate(ParentRunner.java:268)
	at org.junit.runners.ParentRunner.run(ParentRunner.java:363)
	at cucumber.runtime.junit.ExamplesRunner.run(ExamplesRunner.java:59)
	at org.junit.runners.Suite.runChild(Suite.java:128)
	at org.junit.runners.Suite.runChild(Suite.java:27)
	at org.junit.runners.ParentRunner$3.run(ParentRunner.java:290)
	at org.junit.runners.ParentRunner$1.schedule(ParentRunner.java:71)
	at org.junit.runners.ParentRunner.runChildren(ParentRunner.java:288)
	at org.junit.runners.ParentRunner.access$000(ParentRunner.java:58)
	at org.junit.runners.ParentRunner$2.evaluate(ParentRunner.java:268)
	at org.junit.runners.ParentRunner.run(ParentRunner.java:363)
	at cucumber.runtime.junit.ScenarioOutlineRunner.run(ScenarioOutlineRunner.java:53)
	at cucumber.runtime.junit.FeatureRunner.runChild(FeatureRunner.java:63)
	at cucumber.runtime.junit.FeatureRunner.runChild(FeatureRunner.java:18)
	at org.junit.runners.ParentRunner$3.run(ParentRunner.java:290)
	at org.junit.runners.ParentRunner$1.schedule(ParentRunner.java:71)
	at org.junit.runners.ParentRunner.runChildren(ParentRunner.java:288)
	at org.junit.runners.ParentRunner.access$000(ParentRunner.java:58)
	at org.junit.runners.ParentRunner$2.evaluate(ParentRunner.java:268)
	at org.junit.runners.ParentRunner.run(ParentRunner.java:363)
	at cucumber.runtime.junit.FeatureRunner.run(FeatureRunner.java:70)
	at cucumber.api.junit.Cucumber.runChild(Cucumber.java:95)
	at cucumber.api.junit.Cucumber.runChild(Cucumber.java:38)
	at org.junit.runners.ParentRunner$3.run(ParentRunner.java:290)
	at org.junit.runners.ParentRunner$1.schedule(ParentRunner.java:71)
	at org.junit.runners.ParentRunner.runChildren(ParentRunner.java:288)
	at org.junit.runners.ParentRunner.access$000(ParentRunner.java:58)
	at org.junit.runners.ParentRunner$2.evaluate(ParentRunner.java:268)
	at org.junit.runners.ParentRunner.run(ParentRunner.java:363)
	at cucumber.api.junit.Cucumber.run(Cucumber.java:100)
	at org.apache.maven.surefire.junit4.JUnit4Provider.execute(JUnit4Provider.java:365)
	at org.apache.maven.surefire.junit4.JUnit4Provider.executeWithRerun(JUnit4Provider.java:273)
	at org.apache.maven.surefire.junit4.JUnit4Provider.executeTestSet(JUnit4Provider.java:238)
	at org.apache.maven.surefire.junit4.JUnit4Provider.invoke(JUnit4Provider.java:159)
	at org.apache.maven.surefire.booter.ForkedBooter.invokeProviderInSameClassLoader(ForkedBooter.java:384)
	at org.apache.maven.surefire.booter.ForkedBooter.runSuitesInProcess(ForkedBooter.java:345)
	at org.apache.maven.surefire.booter.ForkedBooter.execute(ForkedBooter.java:126)
	at org.apache.maven.surefire.booter.ForkedBooter.main(ForkedBooter.java:418)
</pre>
      </div>
    </div>
  </div>


        
        

        

        
  
        

      </div>
          <div class="step">
        
<div class="brief skipped">
  <span class="keyword indention">And</span>
  <span class="name">Implement and review the change request</span>
  
  <span class="lead-duration duration">0.000</span>

</div>

        

        


        
        

        

        
  
        

      </div>
      </div>
</div>


    
  <div class="inner-level hooks-element-after">
        <div data-toggle="collapse" class=" collapsed  collapsable-control" data-target="#after-48">
      
<div class="brief passed">
  <span class="keyword indention">Hooks</span>
  <span class="name"></span>
  

       <i class="chevron fa fa-fw"></i>
  </div>

    </div>

    <div id="after-48" class="inner-level collapse collapsable-details ">
              <div class="hook">
          <div class="brief passed">
            <span class="keyword indention">After</span>
                          <span class="location name">StepMethod.close_the_Browser()</span>
                        
  <span class="lead-duration duration">2.136</span>

          </div>

                      

          
                    

          
  
        </div>
          </div>
  </div>

  </div>
</div>

                      
<div class="element">
      <div class="indention">
      <b>Feature:</b>
      <a href="report-feature_ChangeManagement-feature.html">Change Management</a>
    </div>
  
  
<div class="tags indention">
      <b>Tags:</b>
           <a href="report-tag_tag.html">@tag</a>
           <a href="report-tag_tag10.html">@tag10</a>
      </div>

  
  <span class="lead-duration duration">41.235</span>


    <span data-toggle="collapse" class=" collapsable-control" data-target="#element-49">
    
<div class="brief failed">
  <span class="keyword indention">Scenario Outline</span>
  <span class="name">Testing Successful NoImpact Change process</span>
  

       <i class="chevron fa fa-fw"></i>
  </div>

  </span>
  <div class="description indention"></div>

  <div id="element-49" class="collapse collapsable-details  in ">
    
  <div class="inner-level hooks-element-before">
        <div data-toggle="collapse" class=" collapsed  collapsable-control" data-target="#before-50">
      
<div class="brief passed">
  <span class="keyword indention">Hooks</span>
  <span class="name"></span>
  

       <i class="chevron fa fa-fw"></i>
  </div>

    </div>

    <div id="before-50" class="inner-level collapse collapsable-details ">
              <div class="hook">
          <div class="brief passed">
            <span class="keyword indention">Before</span>
                          <span class="location name">StepMethod.hookScenario(Scenario)</span>
                        
  <span class="lead-duration duration">0.038</span>

          </div>

                      

          
                    

          
  
        </div>
          </div>
  </div>


    
<div class="steps inner-level">
    <div data-toggle="collapse" class=" collapsable-control" data-target="#steps-51">
    
<div class="brief failed">
  <span class="keyword indention">Steps</span>
  <span class="name"></span>
  

       <i class="chevron fa fa-fw"></i>
  </div>

  </div>

  <div id="steps-51" class="inner-level collapse collapsable-details  in ">
          <div class="step">
        
<div class="brief passed">
  <span class="keyword indention">Given</span>
  <span class="name">Open &quot;<span class="argument">chrome</span>&quot; and launch URL</span>
  
  <span class="lead-duration duration">7.414</span>

</div>

        

        


        
        

        
  <div class="outputs inner-level">
          <div class="output indention">
        <div data-toggle="collapse" class=" collapsed  collapsable-control" data-target="#output-52">
          Output 1
          <i class="chevron fa fa-fw"></i>
        </div>
        <div id="output-52" class="collapse collapsable-details " >
          
          <pre><p>Pass: 'chrome' browser launched successfull</p></pre>
        </div>
      </div>
      </div>

        
  
        

      </div>
          <div class="step">
        
<div class="brief passed">
  <span class="keyword indention">And</span>
  <span class="name">Authenticate the user</span>
  
  <span class="lead-duration duration">6.709</span>

</div>

        

        


        
        

        
  <div class="outputs inner-level">
          <div class="output indention">
        <div data-toggle="collapse" class=" collapsed  collapsable-control" data-target="#output-53">
          Output 1
          <i class="chevron fa fa-fw"></i>
        </div>
        <div id="output-53" class="collapse collapsable-details " >
          
          <pre><p>Pass: Login successfull</p></pre>
        </div>
      </div>
      </div>

        
  
        

      </div>
          <div class="step">
        
<div class="brief passed">
  <span class="keyword indention">Then</span>
  <span class="name">Impersonate as a different user</span>
  
  <span class="lead-duration duration">13.775</span>

</div>

        

        


        
        

        
  <div class="outputs inner-level">
          <div class="output indention">
        <div data-toggle="collapse" class=" collapsed  collapsable-control" data-target="#output-54">
          Output 1
          <i class="chevron fa fa-fw"></i>
        </div>
        <div id="output-54" class="collapse collapsable-details " >
          
          <pre><p>Pass: Impersonate successfull</p></pre>
        </div>
      </div>
      </div>

        
  
        

      </div>
          <div class="step">
        
<div class="brief passed">
  <span class="keyword indention">When</span>
  <span class="name">Navigate to Change Management</span>
  
  <span class="lead-duration duration">3.640</span>

</div>

        

        


        
        

        
  <div class="outputs inner-level">
          <div class="output indention">
        <div data-toggle="collapse" class=" collapsed  collapsable-control" data-target="#output-55">
          Output 1
          <i class="chevron fa fa-fw"></i>
        </div>
        <div id="output-55" class="collapse collapsable-details " >
          
          <pre><p>Pass: Successfully Navigated to Change Management</p></pre>
        </div>
      </div>
      </div>

        
  
        

      </div>
          <div class="step">
        
<div class="brief passed">
  <span class="keyword indention">And</span>
  <span class="name">Select Change type</span>
  
  <span class="lead-duration duration">4.009</span>

</div>

        

        


        
        

        
  <div class="outputs inner-level">
          <div class="output indention">
        <div data-toggle="collapse" class=" collapsed  collapsable-control" data-target="#output-56">
          Output 1
          <i class="chevron fa fa-fw"></i>
        </div>
        <div id="output-56" class="collapse collapsable-details " >
          
          <pre><p>Pass: Successfully Navigated to Normal Change</p></pre>
        </div>
      </div>
      </div>

        
  
        

      </div>
          <div class="step">
        
<div class="brief failed">
  <span class="keyword indention">Then</span>
  <span class="name">Create a Change</span>
  
  <span class="lead-duration duration">5.685</span>

</div>

        

        

  <div class="inner-level">
    <div class="message indention">
      <div data-toggle="collapse" class=" collapsable-control" data-target="#msg-57">
          <a>org.openqa.selenium.NoSuchWindowException:</a>
      </div>
      <div id="msg-57" class="collapse collapsable-details  in ">
        <pre>org.openqa.selenium.NoSuchWindowException: no such window: window was already closed
  (Session info: chrome=61.0.3163.79)
  (Driver info: chromedriver=2.34.522940 (1a76f96f66e3ca7b8e57d503b4dd3bccfba87af1),platform=Windows NT 6.3.9600 x86_64) (WARNING: The server did not provide any stacktrace information)
Command duration or timeout: 0 milliseconds
Build info: version: '3.7.1', revision: '8a0099a', time: '2017-11-06T21:01:39.354Z'
System info: host: 'WALSNT81057', ip: '10.155.29.124', os.name: 'Windows 8.1', os.arch: 'amd64', os.version: '6.3', java.version: '1.8.0_201'
Driver info: org.openqa.selenium.chrome.ChromeDriver
Capabilities {acceptSslCerts: true, applicationCacheEnabled: false, browserConnectionEnabled: false, browserName: chrome, chrome: {chromedriverVersion: 2.34.522940 (1a76f96f66e3ca..., userDataDir: C:\Users\MOHITH~1.KHA\AppDa...}, cssSelectorsEnabled: true, databaseEnabled: false, handlesAlerts: true, hasTouchScreen: false, javascriptEnabled: true, locationContextEnabled: true, mobileEmulationEnabled: false, nativeEvents: true, networkConnectionEnabled: false, pageLoadStrategy: normal, platform: XP, platformName: XP, rotatable: false, setWindowRect: true, takesHeapSnapshot: true, takesScreenshot: true, unexpectedAlertBehaviour: , unhandledPromptBehavior: , version: 61.0.3163.79, webStorageEnabled: true}
Session ID: 13cec0f8bfe5bfc6eff4671db9bcad60
*** Element info: {Using=xpath, value=//*[@id=&quot;sys_user_table&quot;]/tbody/tr/td[3]/a}
	at sun.reflect.NativeConstructorAccessorImpl.newInstance0(Native Method)
	at sun.reflect.NativeConstructorAccessorImpl.newInstance(NativeConstructorAccessorImpl.java:62)
	at sun.reflect.DelegatingConstructorAccessorImpl.newInstance(DelegatingConstructorAccessorImpl.java:45)
	at java.lang.reflect.Constructor.newInstance(Constructor.java:423)
	at org.openqa.selenium.remote.ErrorHandler.createThrowable(ErrorHandler.java:214)
	at org.openqa.selenium.remote.ErrorHandler.throwIfResponseFailed(ErrorHandler.java:166)
	at org.openqa.selenium.remote.http.JsonHttpResponseCodec.reconstructValue(JsonHttpResponseCodec.java:40)
	at org.openqa.selenium.remote.http.AbstractHttpResponseCodec.decode(AbstractHttpResponseCodec.java:80)
	at org.openqa.selenium.remote.http.AbstractHttpResponseCodec.decode(AbstractHttpResponseCodec.java:44)
	at org.openqa.selenium.remote.HttpCommandExecutor.execute(HttpCommandExecutor.java:164)
	at org.openqa.selenium.remote.service.DriverCommandExecutor.execute(DriverCommandExecutor.java:83)
	at org.openqa.selenium.remote.RemoteWebDriver.execute(RemoteWebDriver.java:600)
	at org.openqa.selenium.remote.RemoteWebDriver.findElement(RemoteWebDriver.java:370)
	at org.openqa.selenium.remote.RemoteWebDriver.findElementByXPath(RemoteWebDriver.java:472)
	at org.openqa.selenium.By$ByXPath.findElement(By.java:361)
	at org.openqa.selenium.remote.RemoteWebDriver.findElement(RemoteWebDriver.java:362)
	at serviceNow.pageObjects.ChangeManagement_SN.CreateChange(ChangeManagement_SN.java:370)
	at serviceNow.serviceNow.Automation.StepMethod.create_a_Change(StepMethod.java:648)
	at &#10045;.Then Create a Change(ChangeManagement.feature:187)
</pre>
      </div>
    </div>
  </div>


        
        

        

        
  
        

      </div>
          <div class="step">
        
<div class="brief skipped">
  <span class="keyword indention">And</span>
  <span class="name">Submit Change for approval</span>
  
  <span class="lead-duration duration">0.000</span>

</div>

        

        


        
        

        

        
  
        

      </div>
          <div class="step">
        
<div class="brief skipped">
  <span class="keyword indention">Then</span>
  <span class="name">Approve the change request</span>
  
  <span class="lead-duration duration">0.000</span>

</div>

        

        


        
        

        

        
  
        

      </div>
          <div class="step">
        
<div class="brief skipped">
  <span class="keyword indention">And</span>
  <span class="name">Implement and review the change request</span>
  
  <span class="lead-duration duration">0.000</span>

</div>

        

        


        
        

        

        
  
        

      </div>
      </div>
</div>


    
  <div class="inner-level hooks-element-after">
        <div data-toggle="collapse" class=" collapsable-control" data-target="#after-58">
      
<div class="brief failed">
  <span class="keyword indention">Hooks</span>
  <span class="name"></span>
  

       <i class="chevron fa fa-fw"></i>
  </div>

    </div>

    <div id="after-58" class="inner-level collapse collapsable-details  in ">
              <div class="hook">
          <div class="brief failed">
            <span class="keyword indention">After</span>
                          <span class="location name">StepMethod.close_the_Browser()</span>
                        
  <span class="lead-duration duration">0.003</span>

          </div>

                      

  <div class="inner-level">
    <div class="message indention">
      <div data-toggle="collapse" class=" collapsable-control" data-target="#msg-59">
          <a>Error message</a>
      </div>
      <div id="msg-59" class="collapse collapsable-details  in ">
        <pre>org.openqa.selenium.NoSuchWindowException: no such window: target window already closed
from unknown error: web view not found
  (Session info: chrome=61.0.3163.79)
  (Driver info: chromedriver=2.34.522940 (1a76f96f66e3ca7b8e57d503b4dd3bccfba87af1),platform=Windows NT 6.3.9600 x86_64) (WARNING: The server did not provide any stacktrace information)
Command duration or timeout: 0 milliseconds
Build info: version: '3.7.1', revision: '8a0099a', time: '2017-11-06T21:01:39.354Z'
System info: host: 'WALSNT81057', ip: '10.155.29.124', os.name: 'Windows 8.1', os.arch: 'amd64', os.version: '6.3', java.version: '1.8.0_201'
Driver info: org.openqa.selenium.chrome.ChromeDriver
Capabilities {acceptSslCerts: true, applicationCacheEnabled: false, browserConnectionEnabled: false, browserName: chrome, chrome: {chromedriverVersion: 2.34.522940 (1a76f96f66e3ca..., userDataDir: C:\Users\MOHITH~1.KHA\AppDa...}, cssSelectorsEnabled: true, databaseEnabled: false, handlesAlerts: true, hasTouchScreen: false, javascriptEnabled: true, locationContextEnabled: true, mobileEmulationEnabled: false, nativeEvents: true, networkConnectionEnabled: false, pageLoadStrategy: normal, platform: XP, platformName: XP, rotatable: false, setWindowRect: true, takesHeapSnapshot: true, takesScreenshot: true, unexpectedAlertBehaviour: , unhandledPromptBehavior: , version: 61.0.3163.79, webStorageEnabled: true}
Session ID: 13cec0f8bfe5bfc6eff4671db9bcad60
	at sun.reflect.NativeConstructorAccessorImpl.newInstance0(Native Method)
	at sun.reflect.NativeConstructorAccessorImpl.newInstance(NativeConstructorAccessorImpl.java:62)
	at sun.reflect.DelegatingConstructorAccessorImpl.newInstance(DelegatingConstructorAccessorImpl.java:45)
	at java.lang.reflect.Constructor.newInstance(Constructor.java:423)
	at org.openqa.selenium.remote.ErrorHandler.createThrowable(ErrorHandler.java:214)
	at org.openqa.selenium.remote.ErrorHandler.throwIfResponseFailed(ErrorHandler.java:166)
	at org.openqa.selenium.remote.http.JsonHttpResponseCodec.reconstructValue(JsonHttpResponseCodec.java:40)
	at org.openqa.selenium.remote.http.AbstractHttpResponseCodec.decode(AbstractHttpResponseCodec.java:80)
	at org.openqa.selenium.remote.http.AbstractHttpResponseCodec.decode(AbstractHttpResponseCodec.java:44)
	at org.openqa.selenium.remote.HttpCommandExecutor.execute(HttpCommandExecutor.java:164)
	at org.openqa.selenium.remote.service.DriverCommandExecutor.execute(DriverCommandExecutor.java:83)
	at org.openqa.selenium.remote.RemoteWebDriver.execute(RemoteWebDriver.java:600)
	at org.openqa.selenium.remote.RemoteWebDriver.execute(RemoteWebDriver.java:657)
	at org.openqa.selenium.remote.RemoteWebDriver.close(RemoteWebDriver.java:486)
	at serviceNow.serviceNow.Automation.StepMethod.close_the_Browser(StepMethod.java:729)
	at sun.reflect.NativeMethodAccessorImpl.invoke0(Native Method)
	at sun.reflect.NativeMethodAccessorImpl.invoke(NativeMethodAccessorImpl.java:62)
	at sun.reflect.DelegatingMethodAccessorImpl.invoke(DelegatingMethodAccessorImpl.java:43)
	at java.lang.reflect.Method.invoke(Method.java:498)
	at cucumber.runtime.Utils$1.call(Utils.java:40)
	at cucumber.runtime.Timeout.timeout(Timeout.java:16)
	at cucumber.runtime.Utils.invoke(Utils.java:34)
	at cucumber.runtime.java.JavaHookDefinition.execute(JavaHookDefinition.java:60)
	at cucumber.runtime.Runtime.runHookIfTagsMatch(Runtime.java:224)
	at cucumber.runtime.Runtime.runHooks(Runtime.java:212)
	at cucumber.runtime.Runtime.runAfterHooks(Runtime.java:206)
	at cucumber.runtime.model.CucumberScenario.run(CucumberScenario.java:46)
	at cucumber.runtime.junit.ExecutionUnitRunner.run(ExecutionUnitRunner.java:102)
	at org.junit.runners.Suite.runChild(Suite.java:128)
	at org.junit.runners.Suite.runChild(Suite.java:27)
	at org.junit.runners.ParentRunner$3.run(ParentRunner.java:290)
	at org.junit.runners.ParentRunner$1.schedule(ParentRunner.java:71)
	at org.junit.runners.ParentRunner.runChildren(ParentRunner.java:288)
	at org.junit.runners.ParentRunner.access$000(ParentRunner.java:58)
	at org.junit.runners.ParentRunner$2.evaluate(ParentRunner.java:268)
	at org.junit.runners.ParentRunner.run(ParentRunner.java:363)
	at cucumber.runtime.junit.ExamplesRunner.run(ExamplesRunner.java:59)
	at org.junit.runners.Suite.runChild(Suite.java:128)
	at org.junit.runners.Suite.runChild(Suite.java:27)
	at org.junit.runners.ParentRunner$3.run(ParentRunner.java:290)
	at org.junit.runners.ParentRunner$1.schedule(ParentRunner.java:71)
	at org.junit.runners.ParentRunner.runChildren(ParentRunner.java:288)
	at org.junit.runners.ParentRunner.access$000(ParentRunner.java:58)
	at org.junit.runners.ParentRunner$2.evaluate(ParentRunner.java:268)
	at org.junit.runners.ParentRunner.run(ParentRunner.java:363)
	at cucumber.runtime.junit.ScenarioOutlineRunner.run(ScenarioOutlineRunner.java:53)
	at cucumber.runtime.junit.FeatureRunner.runChild(FeatureRunner.java:63)
	at cucumber.runtime.junit.FeatureRunner.runChild(FeatureRunner.java:18)
	at org.junit.runners.ParentRunner$3.run(ParentRunner.java:290)
	at org.junit.runners.ParentRunner$1.schedule(ParentRunner.java:71)
	at org.junit.runners.ParentRunner.runChildren(ParentRunner.java:288)
	at org.junit.runners.ParentRunner.access$000(ParentRunner.java:58)
	at org.junit.runners.ParentRunner$2.evaluate(ParentRunner.java:268)
	at org.junit.runners.ParentRunner.run(ParentRunner.java:363)
	at cucumber.runtime.junit.FeatureRunner.run(FeatureRunner.java:70)
	at cucumber.api.junit.Cucumber.runChild(Cucumber.java:95)
	at cucumber.api.junit.Cucumber.runChild(Cucumber.java:38)
	at org.junit.runners.ParentRunner$3.run(ParentRunner.java:290)
	at org.junit.runners.ParentRunner$1.schedule(ParentRunner.java:71)
	at org.junit.runners.ParentRunner.runChildren(ParentRunner.java:288)
	at org.junit.runners.ParentRunner.access$000(ParentRunner.java:58)
	at org.junit.runners.ParentRunner$2.evaluate(ParentRunner.java:268)
	at org.junit.runners.ParentRunner.run(ParentRunner.java:363)
	at cucumber.api.junit.Cucumber.run(Cucumber.java:100)
	at org.apache.maven.surefire.junit4.JUnit4Provider.execute(JUnit4Provider.java:365)
	at org.apache.maven.surefire.junit4.JUnit4Provider.executeWithRerun(JUnit4Provider.java:273)
	at org.apache.maven.surefire.junit4.JUnit4Provider.executeTestSet(JUnit4Provider.java:238)
	at org.apache.maven.surefire.junit4.JUnit4Provider.invoke(JUnit4Provider.java:159)
	at org.apache.maven.surefire.booter.ForkedBooter.invokeProviderInSameClassLoader(ForkedBooter.java:384)
	at org.apache.maven.surefire.booter.ForkedBooter.runSuitesInProcess(ForkedBooter.java:345)
	at org.apache.maven.surefire.booter.ForkedBooter.execute(ForkedBooter.java:126)
	at org.apache.maven.surefire.booter.ForkedBooter.main(ForkedBooter.java:418)
</pre>
      </div>
    </div>
  </div>

          
                    

          
  
        </div>
          </div>
  </div>

  </div>
</div>

                      
<div class="element">
      <div class="indention">
      <b>Feature:</b>
      <a href="report-feature_ChangeManagement-feature.html">Change Management</a>
    </div>
  
  
<div class="tags indention">
      <b>Tags:</b>
           <a href="report-tag_tag.html">@tag</a>
           <a href="report-tag_tag11.html">@tag11</a>
      </div>

  
  <span class="lead-duration duration">1:8.079</span>


    <span data-toggle="collapse" class=" collapsable-control" data-target="#element-60">
    
<div class="brief failed">
  <span class="keyword indention">Scenario Outline</span>
  <span class="name">Testing Experienced Issue NoImpact Change process</span>
  

       <i class="chevron fa fa-fw"></i>
  </div>

  </span>
  <div class="description indention"></div>

  <div id="element-60" class="collapse collapsable-details  in ">
    
  <div class="inner-level hooks-element-before">
        <div data-toggle="collapse" class=" collapsed  collapsable-control" data-target="#before-61">
      
<div class="brief passed">
  <span class="keyword indention">Hooks</span>
  <span class="name"></span>
  

       <i class="chevron fa fa-fw"></i>
  </div>

    </div>

    <div id="before-61" class="inner-level collapse collapsable-details ">
              <div class="hook">
          <div class="brief passed">
            <span class="keyword indention">Before</span>
                          <span class="location name">StepMethod.hookScenario(Scenario)</span>
                        
  <span class="lead-duration duration">0.033</span>

          </div>

                      

          
                    

          
  
        </div>
          </div>
  </div>


    
<div class="steps inner-level">
    <div data-toggle="collapse" class=" collapsable-control" data-target="#steps-62">
    
<div class="brief failed">
  <span class="keyword indention">Steps</span>
  <span class="name"></span>
  

       <i class="chevron fa fa-fw"></i>
  </div>

  </div>

  <div id="steps-62" class="inner-level collapse collapsable-details  in ">
          <div class="step">
        
<div class="brief passed">
  <span class="keyword indention">Given</span>
  <span class="name">Open &quot;<span class="argument">chrome</span>&quot; and launch URL</span>
  
  <span class="lead-duration duration">7.241</span>

</div>

        

        


        
        

        
  <div class="outputs inner-level">
          <div class="output indention">
        <div data-toggle="collapse" class=" collapsed  collapsable-control" data-target="#output-63">
          Output 1
          <i class="chevron fa fa-fw"></i>
        </div>
        <div id="output-63" class="collapse collapsable-details " >
          
          <pre><p>Pass: 'chrome' browser launched successfull</p></pre>
        </div>
      </div>
      </div>

        
  
        

      </div>
          <div class="step">
        
<div class="brief failed">
  <span class="keyword indention">And</span>
  <span class="name">Authenticate the user</span>
  
  <span class="lead-duration duration">1:0.837</span>

</div>

        

        

  <div class="inner-level">
    <div class="message indention">
      <div data-toggle="collapse" class=" collapsable-control" data-target="#msg-64">
          <a>org.openqa.selenium.TimeoutException:</a>
      </div>
      <div id="msg-64" class="collapse collapsable-details  in ">
        <pre>org.openqa.selenium.TimeoutException: Expected condition failed: waiting for element to be clickable: By.id: filter (tried for 60 second(s) with 500 MILLISECONDS interval)
	at org.openqa.selenium.support.ui.WebDriverWait.timeoutException(WebDriverWait.java:82)
	at org.openqa.selenium.support.ui.FluentWait.until(FluentWait.java:231)
	at serviceNow.serviceNow.Automation.StepMethod.authenticate_the_user(StepMethod.java:120)
	at &#10045;.And Authenticate the user(ChangeManagement.feature:200)
Caused by: org.openqa.selenium.NoSuchElementException: Cannot locate an element using By.id: filter
For documentation on this error, please visit: http://seleniumhq.org/exceptions/no_such_element.html
Build info: version: '3.7.1', revision: '8a0099a', time: '2017-11-06T21:01:39.354Z'
System info: host: 'WALSNT81057', ip: '10.155.29.124', os.name: 'Windows 8.1', os.arch: 'amd64', os.version: '6.3', java.version: '1.8.0_201'
Driver info: driver.version: unknown
	at org.openqa.selenium.support.ui.ExpectedConditions.lambda$findElement$0(ExpectedConditions.java:882)
	at java.util.Optional.orElseThrow(Optional.java:290)
	at org.openqa.selenium.support.ui.ExpectedConditions.findElement(ExpectedConditions.java:881)
	at org.openqa.selenium.support.ui.ExpectedConditions.access$000(ExpectedConditions.java:43)
	at org.openqa.selenium.support.ui.ExpectedConditions$7.apply(ExpectedConditions.java:205)
	at org.openqa.selenium.support.ui.ExpectedConditions$7.apply(ExpectedConditions.java:201)
	at org.openqa.selenium.support.ui.ExpectedConditions$22.apply(ExpectedConditions.java:643)
	at org.openqa.selenium.support.ui.ExpectedConditions$22.apply(ExpectedConditions.java:640)
	at org.openqa.selenium.support.ui.FluentWait.until(FluentWait.java:208)
	at serviceNow.serviceNow.Automation.StepMethod.authenticate_the_user(StepMethod.java:120)
	at sun.reflect.NativeMethodAccessorImpl.invoke0(Native Method)
	at sun.reflect.NativeMethodAccessorImpl.invoke(NativeMethodAccessorImpl.java:62)
	at sun.reflect.DelegatingMethodAccessorImpl.invoke(DelegatingMethodAccessorImpl.java:43)
	at java.lang.reflect.Method.invoke(Method.java:498)
	at cucumber.runtime.Utils$1.call(Utils.java:40)
	at cucumber.runtime.Timeout.timeout(Timeout.java:16)
	at cucumber.runtime.Utils.invoke(Utils.java:34)
	at cucumber.runtime.java.JavaStepDefinition.execute(JavaStepDefinition.java:38)
	at cucumber.runtime.StepDefinitionMatch.runStep(StepDefinitionMatch.java:37)
	at cucumber.runtime.Runtime.runStep(Runtime.java:300)
	at cucumber.runtime.model.StepContainer.runStep(StepContainer.java:44)
	at cucumber.runtime.model.StepContainer.runSteps(StepContainer.java:39)
	at cucumber.runtime.model.CucumberScenario.run(CucumberScenario.java:44)
	at cucumber.runtime.junit.ExecutionUnitRunner.run(ExecutionUnitRunner.java:102)
	at org.junit.runners.Suite.runChild(Suite.java:128)
	at org.junit.runners.Suite.runChild(Suite.java:27)
	at org.junit.runners.ParentRunner$3.run(ParentRunner.java:290)
	at org.junit.runners.ParentRunner$1.schedule(ParentRunner.java:71)
	at org.junit.runners.ParentRunner.runChildren(ParentRunner.java:288)
	at org.junit.runners.ParentRunner.access$000(ParentRunner.java:58)
	at org.junit.runners.ParentRunner$2.evaluate(ParentRunner.java:268)
	at org.junit.runners.ParentRunner.run(ParentRunner.java:363)
	at cucumber.runtime.junit.ExamplesRunner.run(ExamplesRunner.java:59)
	at org.junit.runners.Suite.runChild(Suite.java:128)
	at org.junit.runners.Suite.runChild(Suite.java:27)
	at org.junit.runners.ParentRunner$3.run(ParentRunner.java:290)
	at org.junit.runners.ParentRunner$1.schedule(ParentRunner.java:71)
	at org.junit.runners.ParentRunner.runChildren(ParentRunner.java:288)
	at org.junit.runners.ParentRunner.access$000(ParentRunner.java:58)
	at org.junit.runners.ParentRunner$2.evaluate(ParentRunner.java:268)
	at org.junit.runners.ParentRunner.run(ParentRunner.java:363)
	at cucumber.runtime.junit.ScenarioOutlineRunner.run(ScenarioOutlineRunner.java:53)
	at cucumber.runtime.junit.FeatureRunner.runChild(FeatureRunner.java:63)
	at cucumber.runtime.junit.FeatureRunner.runChild(FeatureRunner.java:18)
	at org.junit.runners.ParentRunner$3.run(ParentRunner.java:290)
	at org.junit.runners.ParentRunner$1.schedule(ParentRunner.java:71)
	at org.junit.runners.ParentRunner.runChildren(ParentRunner.java:288)
	at org.junit.runners.ParentRunner.access$000(ParentRunner.java:58)
	at org.junit.runners.ParentRunner$2.evaluate(ParentRunner.java:268)
	at org.junit.runners.ParentRunner.run(ParentRunner.java:363)
	at cucumber.runtime.junit.FeatureRunner.run(FeatureRunner.java:70)
	at cucumber.api.junit.Cucumber.runChild(Cucumber.java:95)
	at cucumber.api.junit.Cucumber.runChild(Cucumber.java:38)
	at org.junit.runners.ParentRunner$3.run(ParentRunner.java:290)
	at org.junit.runners.ParentRunner$1.schedule(ParentRunner.java:71)
	at org.junit.runners.ParentRunner.runChildren(ParentRunner.java:288)
	at org.junit.runners.ParentRunner.access$000(ParentRunner.java:58)
	at org.junit.runners.ParentRunner$2.evaluate(ParentRunner.java:268)
	at org.junit.runners.ParentRunner.run(ParentRunner.java:363)
	at cucumber.api.junit.Cucumber.run(Cucumber.java:100)
	at org.apache.maven.surefire.junit4.JUnit4Provider.execute(JUnit4Provider.java:365)
	at org.apache.maven.surefire.junit4.JUnit4Provider.executeWithRerun(JUnit4Provider.java:273)
	at org.apache.maven.surefire.junit4.JUnit4Provider.executeTestSet(JUnit4Provider.java:238)
	at org.apache.maven.surefire.junit4.JUnit4Provider.invoke(JUnit4Provider.java:159)
	at org.apache.maven.surefire.booter.ForkedBooter.invokeProviderInSameClassLoader(ForkedBooter.java:384)
	at org.apache.maven.surefire.booter.ForkedBooter.runSuitesInProcess(ForkedBooter.java:345)
	at org.apache.maven.surefire.booter.ForkedBooter.execute(ForkedBooter.java:126)
	at org.apache.maven.surefire.booter.ForkedBooter.main(ForkedBooter.java:418)
</pre>
      </div>
    </div>
  </div>


        
        

        

        
  
        

      </div>
          <div class="step">
        
<div class="brief skipped">
  <span class="keyword indention">Then</span>
  <span class="name">Impersonate as a different user</span>
  
  <span class="lead-duration duration">0.000</span>

</div>

        

        


        
        

        

        
  
        

      </div>
          <div class="step">
        
<div class="brief skipped">
  <span class="keyword indention">When</span>
  <span class="name">Navigate to Change Management</span>
  
  <span class="lead-duration duration">0.000</span>

</div>

        

        


        
        

        

        
  
        

      </div>
          <div class="step">
        
<div class="brief skipped">
  <span class="keyword indention">And</span>
  <span class="name">Select Change type</span>
  
  <span class="lead-duration duration">0.000</span>

</div>

        

        


        
        

        

        
  
        

      </div>
          <div class="step">
        
<div class="brief skipped">
  <span class="keyword indention">Then</span>
  <span class="name">Create a Change</span>
  
  <span class="lead-duration duration">0.000</span>

</div>

        

        


        
        

        

        
  
        

      </div>
          <div class="step">
        
<div class="brief skipped">
  <span class="keyword indention">And</span>
  <span class="name">Submit Change for approval</span>
  
  <span class="lead-duration duration">0.000</span>

</div>

        

        


        
        

        

        
  
        

      </div>
          <div class="step">
        
<div class="brief skipped">
  <span class="keyword indention">Then</span>
  <span class="name">Approve the change request</span>
  
  <span class="lead-duration duration">0.000</span>

</div>

        

        


        
        

        

        
  
        

      </div>
          <div class="step">
        
<div class="brief skipped">
  <span class="keyword indention">And</span>
  <span class="name">Implement and review the change request</span>
  
  <span class="lead-duration duration">0.000</span>

</div>

        

        


        
        

        

        
  
        

      </div>
          <div class="step">
        
<div class="brief skipped">
  <span class="keyword indention">Then</span>
  <span class="name">Close the change request</span>
  
  <span class="lead-duration duration">0.000</span>

</div>

        

        


        
        

        

        
  
        

      </div>
      </div>
</div>


    
  <div class="inner-level hooks-element-after">
        <div data-toggle="collapse" class=" collapsed  collapsable-control" data-target="#after-65">
      
<div class="brief passed">
  <span class="keyword indention">Hooks</span>
  <span class="name"></span>
  

       <i class="chevron fa fa-fw"></i>
  </div>

    </div>

    <div id="after-65" class="inner-level collapse collapsable-details ">
              <div class="hook">
          <div class="brief passed">
            <span class="keyword indention">After</span>
                          <span class="location name">StepMethod.close_the_Browser()</span>
                        
  <span class="lead-duration duration">0.217</span>

          </div>

                      

          
                    

          
  
        </div>
          </div>
  </div>

  </div>
</div>

                      
<div class="element">
      <div class="indention">
      <b>Feature:</b>
      <a href="report-feature_1_QWScenarios-feature.html">QW Scenarios</a>
    </div>
  
  
<div class="tags indention">
      <b>Tags:</b>
           <a href="report-tag_tag.html">@tag</a>
           <a href="report-tag_tag3.html">@tag3</a>
      </div>

  
  <span class="lead-duration duration">1:51.029</span>


    <span data-toggle="collapse" class=" collapsable-control" data-target="#element-66">
    
<div class="brief failed">
  <span class="keyword indention">Scenario Outline</span>
  <span class="name">To test Tab name of the Portal</span>
  

       <i class="chevron fa fa-fw"></i>
  </div>

  </span>
  <div class="description indention"></div>

  <div id="element-66" class="collapse collapsable-details  in ">
    
  <div class="inner-level hooks-element-before">
        <div data-toggle="collapse" class=" collapsed  collapsable-control" data-target="#before-67">
      
<div class="brief passed">
  <span class="keyword indention">Hooks</span>
  <span class="name"></span>
  

       <i class="chevron fa fa-fw"></i>
  </div>

    </div>

    <div id="before-67" class="inner-level collapse collapsable-details ">
              <div class="hook">
          <div class="brief passed">
            <span class="keyword indention">Before</span>
                          <span class="location name">StepMethod.hookScenario(Scenario)</span>
                        
  <span class="lead-duration duration">0.039</span>

          </div>

                      

          
                    

          
  
        </div>
          </div>
  </div>


    
<div class="steps inner-level">
    <div data-toggle="collapse" class=" collapsable-control" data-target="#steps-68">
    
<div class="brief failed">
  <span class="keyword indention">Steps</span>
  <span class="name"></span>
  

       <i class="chevron fa fa-fw"></i>
  </div>

  </div>

  <div id="steps-68" class="inner-level collapse collapsable-details  in ">
          <div class="step">
        
<div class="brief passed">
  <span class="keyword indention">Given</span>
  <span class="name">Open &quot;<span class="argument">firefox</span>&quot; and launch URL</span>
  
  <span class="lead-duration duration">14.785</span>

</div>

        

        


        
        

        
  <div class="outputs inner-level">
          <div class="output indention">
        <div data-toggle="collapse" class=" collapsed  collapsable-control" data-target="#output-69">
          Output 1
          <i class="chevron fa fa-fw"></i>
        </div>
        <div id="output-69" class="collapse collapsable-details " >
          
          <pre><p>Pass: 'firefox' browser launched successfull</p></pre>
        </div>
      </div>
      </div>

        
  
        

      </div>
          <div class="step">
        
<div class="brief passed">
  <span class="keyword indention">And</span>
  <span class="name">Authenticate the user</span>
  
  <span class="lead-duration duration">5.790</span>

</div>

        

        


        
        

        
  <div class="outputs inner-level">
          <div class="output indention">
        <div data-toggle="collapse" class=" collapsed  collapsable-control" data-target="#output-70">
          Output 1
          <i class="chevron fa fa-fw"></i>
        </div>
        <div id="output-70" class="collapse collapsable-details " >
          
          <pre><p>Pass: Login successfull</p></pre>
        </div>
      </div>
      </div>

        
  
        

      </div>
          <div class="step">
        
<div class="brief passed">
  <span class="keyword indention">When</span>
  <span class="name">Launch SelfService Portal</span>
  
  <span class="lead-duration duration">3.869</span>

</div>

        

        


        
        

        
  <div class="outputs inner-level">
          <div class="output indention">
        <div data-toggle="collapse" class=" collapsed  collapsable-control" data-target="#output-71">
          Output 1
          <i class="chevron fa fa-fw"></i>
        </div>
        <div id="output-71" class="collapse collapsable-details " >
          
          <pre><p>Pass: SSP launched successfull</p></pre>
        </div>
      </div>
      </div>

        
  
        

      </div>
          <div class="step">
        
<div class="brief failed">
  <span class="keyword indention">Then</span>
  <span class="name">TabName verification</span>
  
  <span class="lead-duration duration">1:26.584</span>

</div>

        

        

  <div class="inner-level">
    <div class="message indention">
      <div data-toggle="collapse" class=" collapsable-control" data-target="#msg-72">
          <a>org.openqa.selenium.NoSuchElementException:</a>
      </div>
      <div id="msg-72" class="collapse collapsable-details  in ">
        <pre>org.openqa.selenium.NoSuchElementException: Unable to locate element: Brother Printer 6400
For documentation on this error, please visit: http://seleniumhq.org/exceptions/no_such_element.html
Build info: version: '3.7.1', revision: '8a0099a', time: '2017-11-06T21:01:39.354Z'
System info: host: 'WALSNT81057', ip: '10.155.29.124', os.name: 'Windows 8.1', os.arch: 'amd64', os.version: '6.3', java.version: '1.8.0_201'
Driver info: org.openqa.selenium.firefox.FirefoxDriver
Capabilities {acceptInsecureCerts: true, browserName: firefox, browserVersion: 65.0, javascriptEnabled: true, moz:accessibilityChecks: false, moz:geckodriverVersion: 0.23.0, moz:headless: false, moz:processID: 16720, moz:profile: C:\Users\mohith.khare\AppDa..., moz:shutdownTimeout: 60000, moz:useNonSpecCompliantPointerOrigin: false, moz:webdriverClick: true, pageLoadStrategy: normal, platform: WINDOWS, platformName: WINDOWS, platformVersion: 6.3, rotatable: false, setWindowRect: true, strictFileInteractability: false, timeouts: {implicit: 0, pageLoad: 300000, script: 30000}, unhandledPromptBehavior: dismiss and notify}
Session ID: df7a07a5-3e78-4011-a1bb-2182cbcf0824
*** Element info: {Using=partial link text, value=Brother Printer 6400}
	at sun.reflect.NativeConstructorAccessorImpl.newInstance0(Native Method)
	at sun.reflect.NativeConstructorAccessorImpl.newInstance(NativeConstructorAccessorImpl.java:62)
	at sun.reflect.DelegatingConstructorAccessorImpl.newInstance(DelegatingConstructorAccessorImpl.java:45)
	at java.lang.reflect.Constructor.newInstance(Constructor.java:423)
	at org.openqa.selenium.remote.http.W3CHttpResponseCodec.createException(W3CHttpResponseCodec.java:187)
	at org.openqa.selenium.remote.http.W3CHttpResponseCodec.decode(W3CHttpResponseCodec.java:122)
	at org.openqa.selenium.remote.http.W3CHttpResponseCodec.decode(W3CHttpResponseCodec.java:49)
	at org.openqa.selenium.remote.HttpCommandExecutor.execute(HttpCommandExecutor.java:164)
	at org.openqa.selenium.remote.service.DriverCommandExecutor.execute(DriverCommandExecutor.java:83)
	at org.openqa.selenium.remote.RemoteWebDriver.execute(RemoteWebDriver.java:600)
	at org.openqa.selenium.remote.RemoteWebDriver.findElement(RemoteWebDriver.java:370)
	at org.openqa.selenium.remote.RemoteWebDriver.findElementByPartialLinkText(RemoteWebDriver.java:432)
	at org.openqa.selenium.By$ByPartialLinkText.findElement(By.java:273)
	at org.openqa.selenium.remote.RemoteWebDriver.findElement(RemoteWebDriver.java:362)
	at serviceNow.serviceNow.Automation.StepMethod.tabname_verification(StepMethod.java:397)
	at &#10045;.Then TabName verification(QWScenarios.feature:46)
</pre>
      </div>
    </div>
  </div>


        
        

        
  <div class="outputs inner-level">
          <div class="output indention">
        <div data-toggle="collapse" class=" collapsable-control" data-target="#output-73">
          Output 1
          <i class="chevron fa fa-fw"></i>
        </div>
        <div id="output-73" class="collapse collapsable-details  in "  aria-expanded="true" >
          
          <pre><p>Pass : Portal Home page Tab name is 'Assist Home'</p><p>Pass : Report an Issue page Tab name is 'Report an Issue'</p><p>Pass : Report an Issue for Handset page Tab name is 'Handsets Issue'</p><p>Pass : Report an Issue for CN70 RSS Handset page Tab name is 'Report an Issue'</p><p>Pass : SmartShop page Tab name is 'SmartShop'</p><p>Pass : Smartshop Tablet Issues page Tab name is 'Smartshop Tablet Issues'</p><p>Pass : Report an Issue for Tablet is broken page Tab name is 'Report an Issue'</p><p>Pass : Report an Issue page for printers Tab name is 'Printer Issue'</p><p>Pass : Report an Issue for Brother Printer page Tab name is 'Report an Issue'</p><p>Pass : Knowledge Base page Tab name is 'Knowledge Base'</p></pre>
        </div>
      </div>
      </div>

        
  
        

      </div>
      </div>
</div>


    
  <div class="inner-level hooks-element-after">
        <div data-toggle="collapse" class=" collapsed  collapsable-control" data-target="#after-74">
      
<div class="brief passed">
  <span class="keyword indention">Hooks</span>
  <span class="name"></span>
  

       <i class="chevron fa fa-fw"></i>
  </div>

    </div>

    <div id="after-74" class="inner-level collapse collapsable-details ">
              <div class="hook">
          <div class="brief passed">
            <span class="keyword indention">After</span>
                          <span class="location name">StepMethod.close_the_Browser()</span>
                        
  <span class="lead-duration duration">1.437</span>

          </div>

                      

          
                    

          
  
        </div>
          </div>
  </div>

  </div>
</div>

                      
<div class="element">
      <div class="indention">
      <b>Feature:</b>
      <a href="report-feature_1_QWScenarios-feature.html">QW Scenarios</a>
    </div>
  
  
<div class="tags indention">
      <b>Tags:</b>
           <a href="report-tag_tag.html">@tag</a>
           <a href="report-tag_tag3.html">@tag3</a>
      </div>

  
  <span class="lead-duration duration">1:40.589</span>


    <span data-toggle="collapse" class=" collapsable-control" data-target="#element-75">
    
<div class="brief failed">
  <span class="keyword indention">Scenario Outline</span>
  <span class="name">To test Tab name of the Portal</span>
  

       <i class="chevron fa fa-fw"></i>
  </div>

  </span>
  <div class="description indention"></div>

  <div id="element-75" class="collapse collapsable-details  in ">
    
  <div class="inner-level hooks-element-before">
        <div data-toggle="collapse" class=" collapsed  collapsable-control" data-target="#before-76">
      
<div class="brief passed">
  <span class="keyword indention">Hooks</span>
  <span class="name"></span>
  

       <i class="chevron fa fa-fw"></i>
  </div>

    </div>

    <div id="before-76" class="inner-level collapse collapsable-details ">
              <div class="hook">
          <div class="brief passed">
            <span class="keyword indention">Before</span>
                          <span class="location name">StepMethod.hookScenario(Scenario)</span>
                        
  <span class="lead-duration duration">0.049</span>

          </div>

                      

          
                    

          
  
        </div>
          </div>
  </div>


    
<div class="steps inner-level">
    <div data-toggle="collapse" class=" collapsable-control" data-target="#steps-77">
    
<div class="brief failed">
  <span class="keyword indention">Steps</span>
  <span class="name"></span>
  

       <i class="chevron fa fa-fw"></i>
  </div>

  </div>

  <div id="steps-77" class="inner-level collapse collapsable-details  in ">
          <div class="step">
        
<div class="brief passed">
  <span class="keyword indention">Given</span>
  <span class="name">Open &quot;<span class="argument">chrome</span>&quot; and launch URL</span>
  
  <span class="lead-duration duration">7.614</span>

</div>

        

        


        
        

        
  <div class="outputs inner-level">
          <div class="output indention">
        <div data-toggle="collapse" class=" collapsed  collapsable-control" data-target="#output-78">
          Output 1
          <i class="chevron fa fa-fw"></i>
        </div>
        <div id="output-78" class="collapse collapsable-details " >
          
          <pre><p>Pass: 'chrome' browser launched successfull</p></pre>
        </div>
      </div>
      </div>

        
  
        

      </div>
          <div class="step">
        
<div class="brief passed">
  <span class="keyword indention">And</span>
  <span class="name">Authenticate the user</span>
  
  <span class="lead-duration duration">6.552</span>

</div>

        

        


        
        

        
  <div class="outputs inner-level">
          <div class="output indention">
        <div data-toggle="collapse" class=" collapsed  collapsable-control" data-target="#output-79">
          Output 1
          <i class="chevron fa fa-fw"></i>
        </div>
        <div id="output-79" class="collapse collapsable-details " >
          
          <pre><p>Pass: Login successfull</p></pre>
        </div>
      </div>
      </div>

        
  
        

      </div>
          <div class="step">
        
<div class="brief passed">
  <span class="keyword indention">When</span>
  <span class="name">Launch SelfService Portal</span>
  
  <span class="lead-duration duration">5.539</span>

</div>

        

        


        
        

        
  <div class="outputs inner-level">
          <div class="output indention">
        <div data-toggle="collapse" class=" collapsed  collapsable-control" data-target="#output-80">
          Output 1
          <i class="chevron fa fa-fw"></i>
        </div>
        <div id="output-80" class="collapse collapsable-details " >
          
          <pre><p>Pass: SSP launched successfull</p></pre>
        </div>
      </div>
      </div>

        
  
        

      </div>
          <div class="step">
        
<div class="brief failed">
  <span class="keyword indention">Then</span>
  <span class="name">TabName verification</span>
  
  <span class="lead-duration duration">1:20.882</span>

</div>

        

        

  <div class="inner-level">
    <div class="message indention">
      <div data-toggle="collapse" class=" collapsable-control" data-target="#msg-81">
          <a>org.openqa.selenium.NoSuchElementException:</a>
      </div>
      <div id="msg-81" class="collapse collapsable-details  in ">
        <pre>org.openqa.selenium.NoSuchElementException: no such element: Unable to locate element: {&quot;method&quot;:&quot;partial link text&quot;,&quot;selector&quot;:&quot;Brother Printer 6400&quot;}
  (Session info: chrome=61.0.3163.79)
  (Driver info: chromedriver=2.34.522940 (1a76f96f66e3ca7b8e57d503b4dd3bccfba87af1),platform=Windows NT 6.3.9600 x86_64) (WARNING: The server did not provide any stacktrace information)
Command duration or timeout: 0 milliseconds
For documentation on this error, please visit: http://seleniumhq.org/exceptions/no_such_element.html
Build info: version: '3.7.1', revision: '8a0099a', time: '2017-11-06T21:01:39.354Z'
System info: host: 'WALSNT81057', ip: '10.155.29.124', os.name: 'Windows 8.1', os.arch: 'amd64', os.version: '6.3', java.version: '1.8.0_201'
Driver info: org.openqa.selenium.chrome.ChromeDriver
Capabilities {acceptSslCerts: true, applicationCacheEnabled: false, browserConnectionEnabled: false, browserName: chrome, chrome: {chromedriverVersion: 2.34.522940 (1a76f96f66e3ca..., userDataDir: C:\Users\MOHITH~1.KHA\AppDa...}, cssSelectorsEnabled: true, databaseEnabled: false, handlesAlerts: true, hasTouchScreen: false, javascriptEnabled: true, locationContextEnabled: true, mobileEmulationEnabled: false, nativeEvents: true, networkConnectionEnabled: false, pageLoadStrategy: normal, platform: XP, platformName: XP, rotatable: false, setWindowRect: true, takesHeapSnapshot: true, takesScreenshot: true, unexpectedAlertBehaviour: , unhandledPromptBehavior: , version: 61.0.3163.79, webStorageEnabled: true}
Session ID: 4d303646c4e63ee649d84f1a9bf44f21
*** Element info: {Using=partial link text, value=Brother Printer 6400}
	at sun.reflect.GeneratedConstructorAccessor53.newInstance(Unknown Source)
	at sun.reflect.DelegatingConstructorAccessorImpl.newInstance(DelegatingConstructorAccessorImpl.java:45)
	at java.lang.reflect.Constructor.newInstance(Constructor.java:423)
	at org.openqa.selenium.remote.ErrorHandler.createThrowable(ErrorHandler.java:214)
	at org.openqa.selenium.remote.ErrorHandler.throwIfResponseFailed(ErrorHandler.java:166)
	at org.openqa.selenium.remote.http.JsonHttpResponseCodec.reconstructValue(JsonHttpResponseCodec.java:40)
	at org.openqa.selenium.remote.http.AbstractHttpResponseCodec.decode(AbstractHttpResponseCodec.java:80)
	at org.openqa.selenium.remote.http.AbstractHttpResponseCodec.decode(AbstractHttpResponseCodec.java:44)
	at org.openqa.selenium.remote.HttpCommandExecutor.execute(HttpCommandExecutor.java:164)
	at org.openqa.selenium.remote.service.DriverCommandExecutor.execute(DriverCommandExecutor.java:83)
	at org.openqa.selenium.remote.RemoteWebDriver.execute(RemoteWebDriver.java:600)
	at org.openqa.selenium.remote.RemoteWebDriver.findElement(RemoteWebDriver.java:370)
	at org.openqa.selenium.remote.RemoteWebDriver.findElementByPartialLinkText(RemoteWebDriver.java:432)
	at org.openqa.selenium.By$ByPartialLinkText.findElement(By.java:273)
	at org.openqa.selenium.remote.RemoteWebDriver.findElement(RemoteWebDriver.java:362)
	at serviceNow.serviceNow.Automation.StepMethod.tabname_verification(StepMethod.java:397)
	at &#10045;.Then TabName verification(QWScenarios.feature:46)
</pre>
      </div>
    </div>
  </div>


        
        

        
  <div class="outputs inner-level">
          <div class="output indention">
        <div data-toggle="collapse" class=" collapsable-control" data-target="#output-82">
          Output 1
          <i class="chevron fa fa-fw"></i>
        </div>
        <div id="output-82" class="collapse collapsable-details  in "  aria-expanded="true" >
          
          <pre><p>Pass : Portal Home page Tab name is 'Assist Home'</p><p>Pass : Report an Issue page Tab name is 'Report an Issue'</p><p>Pass : Report an Issue for Handset page Tab name is 'Handsets Issue'</p><p>Pass : Report an Issue for CN70 RSS Handset page Tab name is 'Report an Issue'</p><p>Pass : SmartShop page Tab name is 'SmartShop'</p><p>Pass : Smartshop Tablet Issues page Tab name is 'Smartshop Tablet Issues'</p><p>Pass : Report an Issue for Tablet is broken page Tab name is 'Report an Issue'</p><p>Pass : Report an Issue page for printers Tab name is 'Printer Issue'</p><p>Pass : Report an Issue for Brother Printer page Tab name is 'Report an Issue'</p><p>Pass : Knowledge Base page Tab name is 'Knowledge Base'</p></pre>
        </div>
      </div>
      </div>

        
  
        

      </div>
      </div>
</div>


    
  <div class="inner-level hooks-element-after">
        <div data-toggle="collapse" class=" collapsed  collapsable-control" data-target="#after-83">
      
<div class="brief passed">
  <span class="keyword indention">Hooks</span>
  <span class="name"></span>
  

       <i class="chevron fa fa-fw"></i>
  </div>

    </div>

    <div id="after-83" class="inner-level collapse collapsable-details ">
              <div class="hook">
          <div class="brief passed">
            <span class="keyword indention">After</span>
                          <span class="location name">StepMethod.close_the_Browser()</span>
                        
  <span class="lead-duration duration">2.149</span>

          </div>

                      

          
                    

          
  
        </div>
          </div>
  </div>

  </div>
</div>

                      
<div class="element">
      <div class="indention">
      <b>Feature:</b>
      <a href="report-feature_1_QWScenarios-feature.html">QW Scenarios</a>
    </div>
  
  
<div class="tags indention">
      <b>Tags:</b>
           <a href="report-tag_tag.html">@tag</a>
           <a href="report-tag_tag4.html">@tag4</a>
      </div>

  
  <span class="lead-duration duration">26.566</span>


    <span data-toggle="collapse" class=" collapsable-control" data-target="#element-84">
    
<div class="brief failed">
  <span class="keyword indention">Scenario Outline</span>
  <span class="name">To test Category field for Change</span>
  

       <i class="chevron fa fa-fw"></i>
  </div>

  </span>
  <div class="description indention"></div>

  <div id="element-84" class="collapse collapsable-details  in ">
    
  <div class="inner-level hooks-element-before">
        <div data-toggle="collapse" class=" collapsed  collapsable-control" data-target="#before-85">
      
<div class="brief passed">
  <span class="keyword indention">Hooks</span>
  <span class="name"></span>
  

       <i class="chevron fa fa-fw"></i>
  </div>

    </div>

    <div id="before-85" class="inner-level collapse collapsable-details ">
              <div class="hook">
          <div class="brief passed">
            <span class="keyword indention">Before</span>
                          <span class="location name">StepMethod.hookScenario(Scenario)</span>
                        
  <span class="lead-duration duration">0.043</span>

          </div>

                      

          
                    

          
  
        </div>
          </div>
  </div>


    
<div class="steps inner-level">
    <div data-toggle="collapse" class=" collapsable-control" data-target="#steps-86">
    
<div class="brief failed">
  <span class="keyword indention">Steps</span>
  <span class="name"></span>
  

       <i class="chevron fa fa-fw"></i>
  </div>

  </div>

  <div id="steps-86" class="inner-level collapse collapsable-details  in ">
          <div class="step">
        
<div class="brief passed">
  <span class="keyword indention">Given</span>
  <span class="name">Open &quot;<span class="argument">firefox</span>&quot; and launch URL</span>
  
  <span class="lead-duration duration">14.487</span>

</div>

        

        


        
        

        
  <div class="outputs inner-level">
          <div class="output indention">
        <div data-toggle="collapse" class=" collapsed  collapsable-control" data-target="#output-87">
          Output 1
          <i class="chevron fa fa-fw"></i>
        </div>
        <div id="output-87" class="collapse collapsable-details " >
          
          <pre><p>Pass: 'firefox' browser launched successfull</p></pre>
        </div>
      </div>
      </div>

        
  
        

      </div>
          <div class="step">
        
<div class="brief passed">
  <span class="keyword indention">And</span>
  <span class="name">Authenticate the user</span>
  
  <span class="lead-duration duration">6.622</span>

</div>

        

        


        
        

        
  <div class="outputs inner-level">
          <div class="output indention">
        <div data-toggle="collapse" class=" collapsed  collapsable-control" data-target="#output-88">
          Output 1
          <i class="chevron fa fa-fw"></i>
        </div>
        <div id="output-88" class="collapse collapsable-details " >
          
          <pre><p>Pass: Login successfull</p></pre>
        </div>
      </div>
      </div>

        
  
        

      </div>
          <div class="step">
        
<div class="brief failed">
  <span class="keyword indention">Then</span>
  <span class="name">Impersonate as a different user</span>
  
  <span class="lead-duration duration">5.456</span>

</div>

        

        

  <div class="inner-level">
    <div class="message indention">
      <div data-toggle="collapse" class=" collapsable-control" data-target="#msg-89">
          <a>org.openqa.selenium.ElementNotInteractableException:</a>
      </div>
      <div id="msg-89" class="collapse collapsable-details  in ">
        <pre>org.openqa.selenium.ElementNotInteractableException: Element &lt;span id=&quot;select2-chosen-2&quot; class=&quot;select2-chosen&quot;&gt; could not be scrolled into view
Build info: version: '3.7.1', revision: '8a0099a', time: '2017-11-06T21:01:39.354Z'
System info: host: 'WALSNT81057', ip: '10.155.29.124', os.name: 'Windows 8.1', os.arch: 'amd64', os.version: '6.3', java.version: '1.8.0_201'
Driver info: org.openqa.selenium.firefox.FirefoxDriver
Capabilities {acceptInsecureCerts: true, browserName: firefox, browserVersion: 65.0, javascriptEnabled: true, moz:accessibilityChecks: false, moz:geckodriverVersion: 0.23.0, moz:headless: false, moz:processID: 16496, moz:profile: C:\Users\mohith.khare\AppDa..., moz:shutdownTimeout: 60000, moz:useNonSpecCompliantPointerOrigin: false, moz:webdriverClick: true, pageLoadStrategy: normal, platform: WINDOWS, platformName: WINDOWS, platformVersion: 6.3, rotatable: false, setWindowRect: true, strictFileInteractability: false, timeouts: {implicit: 0, pageLoad: 300000, script: 30000}, unhandledPromptBehavior: dismiss and notify}
Session ID: db882328-0c1a-4ffa-99e5-8b07cbc94c4f
	at sun.reflect.NativeConstructorAccessorImpl.newInstance0(Native Method)
	at sun.reflect.NativeConstructorAccessorImpl.newInstance(NativeConstructorAccessorImpl.java:62)
	at sun.reflect.DelegatingConstructorAccessorImpl.newInstance(DelegatingConstructorAccessorImpl.java:45)
	at java.lang.reflect.Constructor.newInstance(Constructor.java:423)
	at org.openqa.selenium.remote.http.W3CHttpResponseCodec.createException(W3CHttpResponseCodec.java:187)
	at org.openqa.selenium.remote.http.W3CHttpResponseCodec.decode(W3CHttpResponseCodec.java:122)
	at org.openqa.selenium.remote.http.W3CHttpResponseCodec.decode(W3CHttpResponseCodec.java:49)
	at org.openqa.selenium.remote.HttpCommandExecutor.execute(HttpCommandExecutor.java:164)
	at org.openqa.selenium.remote.service.DriverCommandExecutor.execute(DriverCommandExecutor.java:83)
	at org.openqa.selenium.remote.RemoteWebDriver.execute(RemoteWebDriver.java:600)
	at org.openqa.selenium.remote.RemoteWebElement.execute(RemoteWebElement.java:279)
	at org.openqa.selenium.remote.RemoteWebElement.click(RemoteWebElement.java:83)
	at sun.reflect.GeneratedMethodAccessor5.invoke(Unknown Source)
	at sun.reflect.DelegatingMethodAccessorImpl.invoke(DelegatingMethodAccessorImpl.java:43)
	at java.lang.reflect.Method.invoke(Method.java:498)
	at org.openqa.selenium.support.pagefactory.internal.LocatingElementHandler.invoke(LocatingElementHandler.java:51)
	at com.sun.proxy.$Proxy17.click(Unknown Source)
	at serviceNow.pageObjects.LoginPage_SSP.ImpersonateUser(LoginPage_SSP.java:77)
	at serviceNow.serviceNow.Automation.StepMethod.impersonate_as_a_different_user(StepMethod.java:143)
	at &#10045;.Then Impersonate as a different user(QWScenarios.feature:57)
</pre>
      </div>
    </div>
  </div>


        
        

        

        
  
        

      </div>
          <div class="step">
        
<div class="brief skipped">
  <span class="keyword indention">When</span>
  <span class="name">Navigate to Change Management</span>
  
  <span class="lead-duration duration">0.000</span>

</div>

        

        


        
        

        

        
  
        

      </div>
          <div class="step">
        
<div class="brief skipped">
  <span class="keyword indention">And</span>
  <span class="name">Select Change type</span>
  
  <span class="lead-duration duration">0.000</span>

</div>

        

        


        
        

        

        
  
        

      </div>
          <div class="step">
        
<div class="brief skipped">
  <span class="keyword indention">Then</span>
  <span class="name">Verify Category field</span>
  
  <span class="lead-duration duration">0.000</span>

</div>

        

        


        
        

        

        
  
        

      </div>
      </div>
</div>


    
  <div class="inner-level hooks-element-after">
        <div data-toggle="collapse" class=" collapsed  collapsable-control" data-target="#after-90">
      
<div class="brief passed">
  <span class="keyword indention">Hooks</span>
  <span class="name"></span>
  

       <i class="chevron fa fa-fw"></i>
  </div>

    </div>

    <div id="after-90" class="inner-level collapse collapsable-details ">
              <div class="hook">
          <div class="brief passed">
            <span class="keyword indention">After</span>
                          <span class="location name">StepMethod.close_the_Browser()</span>
                        
  <span class="lead-duration duration">1.479</span>

          </div>

                      

          
                    

          
  
        </div>
          </div>
  </div>

  </div>
</div>

                      
<div class="element">
      <div class="indention">
      <b>Feature:</b>
      <a href="report-feature_1_QWScenarios-feature.html">QW Scenarios</a>
    </div>
  
  
<div class="tags indention">
      <b>Tags:</b>
           <a href="report-tag_tag.html">@tag</a>
           <a href="report-tag_tag5.html">@tag5</a>
      </div>

  
  <span class="lead-duration duration">31.819</span>


    <span data-toggle="collapse" class=" collapsable-control" data-target="#element-91">
    
<div class="brief failed">
  <span class="keyword indention">Scenario Outline</span>
  <span class="name">To test Category field for Incidents</span>
  

       <i class="chevron fa fa-fw"></i>
  </div>

  </span>
  <div class="description indention"></div>

  <div id="element-91" class="collapse collapsable-details  in ">
    
  <div class="inner-level hooks-element-before">
        <div data-toggle="collapse" class=" collapsed  collapsable-control" data-target="#before-92">
      
<div class="brief passed">
  <span class="keyword indention">Hooks</span>
  <span class="name"></span>
  

       <i class="chevron fa fa-fw"></i>
  </div>

    </div>

    <div id="before-92" class="inner-level collapse collapsable-details ">
              <div class="hook">
          <div class="brief passed">
            <span class="keyword indention">Before</span>
                          <span class="location name">StepMethod.hookScenario(Scenario)</span>
                        
  <span class="lead-duration duration">0.060</span>

          </div>

                      

          
                    

          
  
        </div>
          </div>
  </div>


    
<div class="steps inner-level">
    <div data-toggle="collapse" class=" collapsable-control" data-target="#steps-93">
    
<div class="brief failed">
  <span class="keyword indention">Steps</span>
  <span class="name"></span>
  

       <i class="chevron fa fa-fw"></i>
  </div>

  </div>

  <div id="steps-93" class="inner-level collapse collapsable-details  in ">
          <div class="step">
        
<div class="brief passed">
  <span class="keyword indention">Given</span>
  <span class="name">Open &quot;<span class="argument">firefox</span>&quot; and launch URL</span>
  
  <span class="lead-duration duration">13.651</span>

</div>

        

        


        
        

        
  <div class="outputs inner-level">
          <div class="output indention">
        <div data-toggle="collapse" class=" collapsed  collapsable-control" data-target="#output-94">
          Output 1
          <i class="chevron fa fa-fw"></i>
        </div>
        <div id="output-94" class="collapse collapsable-details " >
          
          <pre><p>Pass: 'firefox' browser launched successfull</p></pre>
        </div>
      </div>
      </div>

        
  
        

      </div>
          <div class="step">
        
<div class="brief passed">
  <span class="keyword indention">And</span>
  <span class="name">Authenticate the user</span>
  
  <span class="lead-duration duration">4.399</span>

</div>

        

        


        
        

        
  <div class="outputs inner-level">
          <div class="output indention">
        <div data-toggle="collapse" class=" collapsed  collapsable-control" data-target="#output-95">
          Output 1
          <i class="chevron fa fa-fw"></i>
        </div>
        <div id="output-95" class="collapse collapsable-details " >
          
          <pre><p>Pass: Login successfull</p></pre>
        </div>
      </div>
      </div>

        
  
        

      </div>
          <div class="step">
        
<div class="brief passed">
  <span class="keyword indention">Then</span>
  <span class="name">Impersonate as a different user</span>
  
  <span class="lead-duration duration">13.415</span>

</div>

        

        


        
        

        
  <div class="outputs inner-level">
          <div class="output indention">
        <div data-toggle="collapse" class=" collapsed  collapsable-control" data-target="#output-96">
          Output 1
          <i class="chevron fa fa-fw"></i>
        </div>
        <div id="output-96" class="collapse collapsable-details " >
          
          <pre><p>Pass: Impersonate successfull</p></pre>
        </div>
      </div>
      </div>

        
  
        

      </div>
          <div class="step">
        
<div class="brief failed">
  <span class="keyword indention">When</span>
  <span class="name">Navigate to Create new incident page</span>
  
  <span class="lead-duration duration">0.351</span>

</div>

        

        

  <div class="inner-level">
    <div class="message indention">
      <div data-toggle="collapse" class=" collapsable-control" data-target="#msg-97">
          <a>org.openqa.selenium.ElementNotInteractableException:</a>
      </div>
      <div id="msg-97" class="collapse collapsable-details  in ">
        <pre>org.openqa.selenium.ElementNotInteractableException: Element &lt;a id=&quot;28274e61c3322100fd577bfaa2d3ae3b&quot; class=&quot;sn-widget-list-item sn-widget-list-item_hidden-action module-node&quot; href=&quot;idea.do?sys_id=-1&amp;sysparm_stack=idea_list.do&quot;&gt; could not be scrolled into view
Build info: version: '3.7.1', revision: '8a0099a', time: '2017-11-06T21:01:39.354Z'
System info: host: 'WALSNT81057', ip: '10.155.29.124', os.name: 'Windows 8.1', os.arch: 'amd64', os.version: '6.3', java.version: '1.8.0_201'
Driver info: org.openqa.selenium.firefox.FirefoxDriver
Capabilities {acceptInsecureCerts: true, browserName: firefox, browserVersion: 65.0, javascriptEnabled: true, moz:accessibilityChecks: false, moz:geckodriverVersion: 0.23.0, moz:headless: false, moz:processID: 19448, moz:profile: C:\Users\mohith.khare\AppDa..., moz:shutdownTimeout: 60000, moz:useNonSpecCompliantPointerOrigin: false, moz:webdriverClick: true, pageLoadStrategy: normal, platform: WINDOWS, platformName: WINDOWS, platformVersion: 6.3, rotatable: false, setWindowRect: true, strictFileInteractability: false, timeouts: {implicit: 0, pageLoad: 300000, script: 30000}, unhandledPromptBehavior: dismiss and notify}
Session ID: 4eae8a23-b9fa-4c7b-ae86-7a34d622830d
	at sun.reflect.NativeConstructorAccessorImpl.newInstance0(Native Method)
	at sun.reflect.NativeConstructorAccessorImpl.newInstance(NativeConstructorAccessorImpl.java:62)
	at sun.reflect.DelegatingConstructorAccessorImpl.newInstance(DelegatingConstructorAccessorImpl.java:45)
	at java.lang.reflect.Constructor.newInstance(Constructor.java:423)
	at org.openqa.selenium.remote.http.W3CHttpResponseCodec.createException(W3CHttpResponseCodec.java:187)
	at org.openqa.selenium.remote.http.W3CHttpResponseCodec.decode(W3CHttpResponseCodec.java:122)
	at org.openqa.selenium.remote.http.W3CHttpResponseCodec.decode(W3CHttpResponseCodec.java:49)
	at org.openqa.selenium.remote.HttpCommandExecutor.execute(HttpCommandExecutor.java:164)
	at org.openqa.selenium.remote.service.DriverCommandExecutor.execute(DriverCommandExecutor.java:83)
	at org.openqa.selenium.remote.RemoteWebDriver.execute(RemoteWebDriver.java:600)
	at org.openqa.selenium.remote.RemoteWebElement.execute(RemoteWebElement.java:279)
	at org.openqa.selenium.remote.RemoteWebElement.click(RemoteWebElement.java:83)
	at serviceNow.serviceNow.Automation.StepMethod.navigate_to_Create_new_incident_page(StepMethod.java:494)
	at &#10045;.When Navigate to Create new incident page(QWScenarios.feature:72)
</pre>
      </div>
    </div>
  </div>


        
        

        

        
  
        

      </div>
          <div class="step">
        
<div class="brief skipped">
  <span class="keyword indention">Then</span>
  <span class="name">Verify incident Category field</span>
  
  <span class="lead-duration duration">0.000</span>

</div>

        

        


        
        

        

        
  
        

      </div>
      </div>
</div>


    
  <div class="inner-level hooks-element-after">
        <div data-toggle="collapse" class=" collapsed  collapsable-control" data-target="#after-98">
      
<div class="brief passed">
  <span class="keyword indention">Hooks</span>
  <span class="name"></span>
  

       <i class="chevron fa fa-fw"></i>
  </div>

    </div>

    <div id="after-98" class="inner-level collapse collapsable-details ">
              <div class="hook">
          <div class="brief passed">
            <span class="keyword indention">After</span>
                          <span class="location name">StepMethod.close_the_Browser()</span>
                        
  <span class="lead-duration duration">1.346</span>

          </div>

                      

          
                    

          
  
        </div>
          </div>
  </div>

  </div>
</div>

                      
<div class="element">
      <div class="indention">
      <b>Feature:</b>
      <a href="report-feature_1_QWScenarios-feature.html">QW Scenarios</a>
    </div>
  
  
<div class="tags indention">
      <b>Tags:</b>
           <a href="report-tag_tag.html">@tag</a>
           <a href="report-tag_tag5.html">@tag5</a>
      </div>

  
  <span class="lead-duration duration">1:27.196</span>


    <span data-toggle="collapse" class=" collapsable-control" data-target="#element-99">
    
<div class="brief failed">
  <span class="keyword indention">Scenario Outline</span>
  <span class="name">To test Category field for Incidents</span>
  

       <i class="chevron fa fa-fw"></i>
  </div>

  </span>
  <div class="description indention"></div>

  <div id="element-99" class="collapse collapsable-details  in ">
    
  <div class="inner-level hooks-element-before">
        <div data-toggle="collapse" class=" collapsed  collapsable-control" data-target="#before-100">
      
<div class="brief passed">
  <span class="keyword indention">Hooks</span>
  <span class="name"></span>
  

       <i class="chevron fa fa-fw"></i>
  </div>

    </div>

    <div id="before-100" class="inner-level collapse collapsable-details ">
              <div class="hook">
          <div class="brief passed">
            <span class="keyword indention">Before</span>
                          <span class="location name">StepMethod.hookScenario(Scenario)</span>
                        
  <span class="lead-duration duration">0.042</span>

          </div>

                      

          
                    

          
  
        </div>
          </div>
  </div>


    
<div class="steps inner-level">
    <div data-toggle="collapse" class=" collapsable-control" data-target="#steps-101">
    
<div class="brief failed">
  <span class="keyword indention">Steps</span>
  <span class="name"></span>
  

       <i class="chevron fa fa-fw"></i>
  </div>

  </div>

  <div id="steps-101" class="inner-level collapse collapsable-details  in ">
          <div class="step">
        
<div class="brief passed">
  <span class="keyword indention">Given</span>
  <span class="name">Open &quot;<span class="argument">chrome</span>&quot; and launch URL</span>
  
  <span class="lead-duration duration">6.419</span>

</div>

        

        


        
        

        
  <div class="outputs inner-level">
          <div class="output indention">
        <div data-toggle="collapse" class=" collapsed  collapsable-control" data-target="#output-102">
          Output 1
          <i class="chevron fa fa-fw"></i>
        </div>
        <div id="output-102" class="collapse collapsable-details " >
          
          <pre><p>Pass: 'chrome' browser launched successfull</p></pre>
        </div>
      </div>
      </div>

        
  
        

      </div>
          <div class="step">
        
<div class="brief passed">
  <span class="keyword indention">And</span>
  <span class="name">Authenticate the user</span>
  
  <span class="lead-duration duration">4.714</span>

</div>

        

        


        
        

        
  <div class="outputs inner-level">
          <div class="output indention">
        <div data-toggle="collapse" class=" collapsed  collapsable-control" data-target="#output-103">
          Output 1
          <i class="chevron fa fa-fw"></i>
        </div>
        <div id="output-103" class="collapse collapsable-details " >
          
          <pre><p>Pass: Login successfull</p></pre>
        </div>
      </div>
      </div>

        
  
        

      </div>
          <div class="step">
        
<div class="brief passed">
  <span class="keyword indention">Then</span>
  <span class="name">Impersonate as a different user</span>
  
  <span class="lead-duration duration">13.900</span>

</div>

        

        


        
        

        
  <div class="outputs inner-level">
          <div class="output indention">
        <div data-toggle="collapse" class=" collapsed  collapsable-control" data-target="#output-104">
          Output 1
          <i class="chevron fa fa-fw"></i>
        </div>
        <div id="output-104" class="collapse collapsable-details " >
          
          <pre><p>Pass: Impersonate successfull</p></pre>
        </div>
      </div>
      </div>

        
  
        

      </div>
          <div class="step">
        
<div class="brief passed">
  <span class="keyword indention">When</span>
  <span class="name">Navigate to Create new incident page</span>
  
  <span class="lead-duration duration">2.119</span>

</div>

        

        


        
        

        
  <div class="outputs inner-level">
          <div class="output indention">
        <div data-toggle="collapse" class=" collapsed  collapsable-control" data-target="#output-105">
          Output 1
          <i class="chevron fa fa-fw"></i>
        </div>
        <div id="output-105" class="collapse collapsable-details " >
          
          <pre><p>Pass: Successfully Navigated to Create Now Incident page</p></pre>
        </div>
      </div>
      </div>

        
  
        

      </div>
          <div class="step">
        
<div class="brief failed">
  <span class="keyword indention">Then</span>
  <span class="name">Verify incident Category field</span>
  
  <span class="lead-duration duration">1:0.042</span>

</div>

        

        

  <div class="inner-level">
    <div class="message indention">
      <div data-toggle="collapse" class=" collapsable-control" data-target="#msg-106">
          <a>org.openqa.selenium.NoSuchElementException:</a>
      </div>
      <div id="msg-106" class="collapse collapsable-details  in ">
        <pre>org.openqa.selenium.NoSuchElementException: no such element: Unable to locate element: {&quot;method&quot;:&quot;id&quot;,&quot;selector&quot;:&quot;incident.category&quot;}
  (Session info: chrome=61.0.3163.79)
  (Driver info: chromedriver=2.34.522940 (1a76f96f66e3ca7b8e57d503b4dd3bccfba87af1),platform=Windows NT 6.3.9600 x86_64) (WARNING: The server did not provide any stacktrace information)
Command duration or timeout: 0 milliseconds
For documentation on this error, please visit: http://seleniumhq.org/exceptions/no_such_element.html
Build info: version: '3.7.1', revision: '8a0099a', time: '2017-11-06T21:01:39.354Z'
System info: host: 'WALSNT81057', ip: '10.155.29.124', os.name: 'Windows 8.1', os.arch: 'amd64', os.version: '6.3', java.version: '1.8.0_201'
Driver info: org.openqa.selenium.chrome.ChromeDriver
Capabilities {acceptSslCerts: true, applicationCacheEnabled: false, browserConnectionEnabled: false, browserName: chrome, chrome: {chromedriverVersion: 2.34.522940 (1a76f96f66e3ca..., userDataDir: C:\Users\MOHITH~1.KHA\AppDa...}, cssSelectorsEnabled: true, databaseEnabled: false, handlesAlerts: true, hasTouchScreen: false, javascriptEnabled: true, locationContextEnabled: true, mobileEmulationEnabled: false, nativeEvents: true, networkConnectionEnabled: false, pageLoadStrategy: normal, platform: XP, platformName: XP, rotatable: false, setWindowRect: true, takesHeapSnapshot: true, takesScreenshot: true, unexpectedAlertBehaviour: , unhandledPromptBehavior: , version: 61.0.3163.79, webStorageEnabled: true}
Session ID: e2cb106b674db65b353e0f39fb075bd2
*** Element info: {Using=id, value=incident.category}
	at sun.reflect.GeneratedConstructorAccessor53.newInstance(Unknown Source)
	at sun.reflect.DelegatingConstructorAccessorImpl.newInstance(DelegatingConstructorAccessorImpl.java:45)
	at java.lang.reflect.Constructor.newInstance(Constructor.java:423)
	at org.openqa.selenium.remote.ErrorHandler.createThrowable(ErrorHandler.java:214)
	at org.openqa.selenium.remote.ErrorHandler.throwIfResponseFailed(ErrorHandler.java:166)
	at org.openqa.selenium.remote.http.JsonHttpResponseCodec.reconstructValue(JsonHttpResponseCodec.java:40)
	at org.openqa.selenium.remote.http.AbstractHttpResponseCodec.decode(AbstractHttpResponseCodec.java:80)
	at org.openqa.selenium.remote.http.AbstractHttpResponseCodec.decode(AbstractHttpResponseCodec.java:44)
	at org.openqa.selenium.remote.HttpCommandExecutor.execute(HttpCommandExecutor.java:164)
	at org.openqa.selenium.remote.service.DriverCommandExecutor.execute(DriverCommandExecutor.java:83)
	at org.openqa.selenium.remote.RemoteWebDriver.execute(RemoteWebDriver.java:600)
	at org.openqa.selenium.remote.RemoteWebDriver.findElement(RemoteWebDriver.java:370)
	at org.openqa.selenium.remote.RemoteWebDriver.findElementById(RemoteWebDriver.java:416)
	at org.openqa.selenium.By$ById.findElement(By.java:218)
	at org.openqa.selenium.remote.RemoteWebDriver.findElement(RemoteWebDriver.java:362)
	at serviceNow.pageObjects.ChangeManagement_SN.VerifyCategory(ChangeManagement_SN.java:294)
	at serviceNow.serviceNow.Automation.StepMethod.verify_incident_Category_field(StepMethod.java:561)
	at &#10045;.Then Verify incident Category field(QWScenarios.feature:73)
</pre>
      </div>
    </div>
  </div>


        
        

        

        
  
        

      </div>
      </div>
</div>


    
  <div class="inner-level hooks-element-after">
        <div data-toggle="collapse" class=" collapsed  collapsable-control" data-target="#after-107">
      
<div class="brief passed">
  <span class="keyword indention">Hooks</span>
  <span class="name"></span>
  

       <i class="chevron fa fa-fw"></i>
  </div>

    </div>

    <div id="after-107" class="inner-level collapse collapsable-details ">
              <div class="hook">
          <div class="brief passed">
            <span class="keyword indention">After</span>
                          <span class="location name">StepMethod.close_the_Browser()</span>
                        
  <span class="lead-duration duration">2.137</span>

          </div>

                      

          
                    

          
  
        </div>
          </div>
  </div>

  </div>
</div>

                  </div>
      
    </div>
  </div>
</div>


<div class="container-fluid">
  <div class="row">
    <div class="col-md-10 col-md-offset-10">
      <i class="fa fa-chevron-circle-down fa-2x collapsable-control"
        onClick="javascript:$('#report .collapsable-details').collapse('show')"></i>
      <i class="fa fa-chevron-circle-up fa-2x collapsable-control"
        onClick="javascript:$('#report .collapsable-details').collapse('hide')"></i>
    </div>
  </div>
</div>

<br>

<nav class="navbar navbar-default" id="footer">
  <div class="container-fluid">
    <p class="navbar-text navbar-right">
        <small>generate Cucumber HTML reports via:&nbsp;</small>
        <a class="navbar-link" href="https://github.com/jenkinsci/cucumber-reports-plugin">Jenkins Plugin</a> |
        <a class="navbar-link" href="https://github.com/damianszczepanik/cucumber-reporting">Standalone</a> |
        <a class="navbar-link" href="https://github.com/damianszczepanik/cucumber-sandwich">Sandwich</a> |
        <a class="navbar-link" href="https://github.com/damianszczepanik/maven-cucumber-reporting">Maven</a>
        &nbsp;&nbsp;
    </p>
  </div>
</nav>

</body>
</html>
